2021-06-20 16:23:55 INFO [restartedMain] c.a.a.As2MiddlewareApplication
                            [StartupInfoLogger.java:55] .org.springframework.boot.StartupInfoLogger logStarting - Starting As2MiddlewareApplication using Java 11.0.8 on odinaka with PID 8116 (C:\projects\conectar\as2-middleware\target\classes started by odinaka in C:\projects\conectar\as2-middleware)
2021-06-20 16:23:55 DEBUG [restartedMain] c.a.a.As2MiddlewareApplication
                            [StartupInfoLogger.java:56] .org.springframework.boot.StartupInfoLogger logStarting - Running with Spring Boot v2.5.0, Spring v5.3.7
2021-06-20 16:23:55 INFO [restartedMain] c.a.a.As2MiddlewareApplication
                            [SpringApplication.java:667] .org.springframework.boot.SpringApplication logStartupProfileInfo - The following profiles are active: dev
2021-06-20 16:23:55 INFO [restartedMain] o.s.b.d.e.DevToolsPropertyDefaultsPostProcessor
                            [DeferredLog.java:255] .org.springframework.boot.logging.DeferredLog logTo - Devtools property defaults active! Set 'spring.devtools.add-properties' to 'false' to disable
2021-06-20 16:23:55 INFO [restartedMain] o.s.b.d.e.DevToolsPropertyDefaultsPostProcessor
                            [DeferredLog.java:255] .org.springframework.boot.logging.DeferredLog logTo - For additional web related logging consider setting the 'logging.level.web' property to 'DEBUG'
2021-06-20 16:23:55 WARN [background-preinit] o.s.h.c.j.Jackson2ObjectMapperBuilder
                            [CompositeLog.java:127] .org.springframework.core.log.CompositeLog warn - For Jackson Kotlin classes support please add "com.fasterxml.jackson.module:jackson-module-kotlin" to the classpath
2021-06-20 16:23:56 INFO [restartedMain] o.s.c.s.PostProcessorRegistrationDelegate$BeanPostProcessorChecker
                            [PostProcessorRegistrationDelegate.java:376] .org.springframework.context.support.PostProcessorRegistrationDelegate$BeanPostProcessorChecker postProcessAfterInitialization - Bean 'org.springframework.security.access.expression.method.DefaultMethodSecurityExpressionHandler@70bd5010' of type [org.springframework.security.access.expression.method.DefaultMethodSecurityExpressionHandler] is not eligible for getting processed by all BeanPostProcessors (for example: not eligible for auto-proxying)
2021-06-20 16:23:56 INFO [restartedMain] o.s.c.s.PostProcessorRegistrationDelegate$BeanPostProcessorChecker
                            [PostProcessorRegistrationDelegate.java:376] .org.springframework.context.support.PostProcessorRegistrationDelegate$BeanPostProcessorChecker postProcessAfterInitialization - Bean 'methodSecurityMetadataSource' of type [org.springframework.security.access.method.DelegatingMethodSecurityMetadataSource] is not eligible for getting processed by all BeanPostProcessors (for example: not eligible for auto-proxying)
2021-06-20 16:23:56 INFO [restartedMain] o.s.b.w.e.t.TomcatWebServer
                            [TomcatWebServer.java:108] .org.springframework.boot.web.embedded.tomcat.TomcatWebServer initialize - Tomcat initialized with port(s): 9090 (http)
2021-06-20 16:23:56 INFO [restartedMain] o.a.c.h.Http11NioProtocol
                            [DirectJDKLog.java:173] .org.apache.juli.logging.DirectJDKLog log - Initializing ProtocolHandler ["http-nio-9090"]
2021-06-20 16:23:56 INFO [restartedMain] o.a.c.c.StandardService
                            [DirectJDKLog.java:173] .org.apache.juli.logging.DirectJDKLog log - Starting service [Tomcat]
2021-06-20 16:23:56 INFO [restartedMain] o.a.c.c.StandardEngine
                            [DirectJDKLog.java:173] .org.apache.juli.logging.DirectJDKLog log - Starting Servlet engine: [Apache Tomcat/9.0.46]
2021-06-20 16:23:56 INFO [restartedMain] o.a.c.c.C.[.[.[/]
                            [DirectJDKLog.java:173] .org.apache.juli.logging.DirectJDKLog log - Initializing Spring embedded WebApplicationContext
2021-06-20 16:23:56 INFO [restartedMain] o.s.b.w.s.c.ServletWebServerApplicationContext
                            [ServletWebServerApplicationContext.java:290] .org.springframework.boot.web.servlet.context.ServletWebServerApplicationContext prepareWebApplicationContext - Root WebApplicationContext: initialization completed in 1490 ms
2021-06-20 16:23:57 INFO [restartedMain] c.a.a.s.i.FileService
                            [FileService.java:53] .connect.as2.as2middleware.service.impl.FileService init - created folder C:/projects/conectar/as2/sender/data/toAny
2021-06-20 16:23:57 INFO [restartedMain] c.a.a.s.i.FileService
                            [FileService.java:53] .connect.as2.as2middleware.service.impl.FileService init - created folder C:/projects/conectar/as2/sender/data/toMinCommerce
2021-06-20 16:23:57 INFO [restartedMain] c.a.a.s.i.FileService
                            [FileService.java:53] .connect.as2.as2middleware.service.impl.FileService init - created folder C:/projects/conectar/as2/sender/data/toConectar
2021-06-20 16:23:57 INFO [restartedMain] o.s.b.a.e.w.EndpointLinksResolver
                            [EndpointLinksResolver.java:58] .org.springframework.boot.actuate.endpoint.web.EndpointLinksResolver <init> - Exposing 1 endpoint(s) beneath base path '/actuator'
2021-06-20 16:23:57 INFO [restartedMain] o.s.b.a.s.s.UserDetailsServiceAutoConfiguration
                            [UserDetailsServiceAutoConfiguration.java:86] .org.springframework.boot.autoconfigure.security.servlet.UserDetailsServiceAutoConfiguration getOrDeducePassword - 

Using generated security password: abb07dbb-53d7-471c-b60e-49e24df1ed09

2021-06-20 16:23:57 INFO [restartedMain] o.s.s.w.DefaultSecurityFilterChain
                            [DefaultSecurityFilterChain.java:51] .org.springframework.security.web.DefaultSecurityFilterChain <init> - Will secure Ant [pattern='/websocket/**'] with []
2021-06-20 16:23:57 INFO [restartedMain] o.s.s.w.DefaultSecurityFilterChain
                            [DefaultSecurityFilterChain.java:51] .org.springframework.security.web.DefaultSecurityFilterChain <init> - Will secure Ant [pattern='/docs*'] with []
2021-06-20 16:23:57 INFO [restartedMain] o.s.s.w.DefaultSecurityFilterChain
                            [DefaultSecurityFilterChain.java:51] .org.springframework.security.web.DefaultSecurityFilterChain <init> - Will secure Ant [pattern='/api-docs'] with []
2021-06-20 16:23:57 INFO [restartedMain] o.s.s.w.DefaultSecurityFilterChain
                            [DefaultSecurityFilterChain.java:51] .org.springframework.security.web.DefaultSecurityFilterChain <init> - Will secure Ant [pattern='/api-docs.yaml'] with []
2021-06-20 16:23:57 INFO [restartedMain] o.s.s.w.DefaultSecurityFilterChain
                            [DefaultSecurityFilterChain.java:51] .org.springframework.security.web.DefaultSecurityFilterChain <init> - Will secure Ant [pattern='/v3/api-docs'] with []
2021-06-20 16:23:57 INFO [restartedMain] o.s.s.w.DefaultSecurityFilterChain
                            [DefaultSecurityFilterChain.java:51] .org.springframework.security.web.DefaultSecurityFilterChain <init> - Will secure Ant [pattern='/v3/api-docs.yaml'] with []
2021-06-20 16:23:57 INFO [restartedMain] o.s.s.w.DefaultSecurityFilterChain
                            [DefaultSecurityFilterChain.java:51] .org.springframework.security.web.DefaultSecurityFilterChain <init> - Will secure Ant [pattern='/v2/api-docs'] with []
2021-06-20 16:23:57 INFO [restartedMain] o.s.s.w.DefaultSecurityFilterChain
                            [DefaultSecurityFilterChain.java:51] .org.springframework.security.web.DefaultSecurityFilterChain <init> - Will secure Ant [pattern='/v2/api-docs.yaml'] with []
2021-06-20 16:23:57 INFO [restartedMain] o.s.s.w.DefaultSecurityFilterChain
                            [DefaultSecurityFilterChain.java:51] .org.springframework.security.web.DefaultSecurityFilterChain <init> - Will secure Ant [pattern='/configuration/ui'] with []
2021-06-20 16:23:57 INFO [restartedMain] o.s.s.w.DefaultSecurityFilterChain
                            [DefaultSecurityFilterChain.java:51] .org.springframework.security.web.DefaultSecurityFilterChain <init> - Will secure Ant [pattern='/swagger-resources/**'] with []
2021-06-20 16:23:57 INFO [restartedMain] o.s.s.w.DefaultSecurityFilterChain
                            [DefaultSecurityFilterChain.java:51] .org.springframework.security.web.DefaultSecurityFilterChain <init> - Will secure Ant [pattern='/configuration/security'] with []
2021-06-20 16:23:57 INFO [restartedMain] o.s.s.w.DefaultSecurityFilterChain
                            [DefaultSecurityFilterChain.java:51] .org.springframework.security.web.DefaultSecurityFilterChain <init> - Will secure Ant [pattern='/swagger-*'] with []
2021-06-20 16:23:57 INFO [restartedMain] o.s.s.w.DefaultSecurityFilterChain
                            [DefaultSecurityFilterChain.java:51] .org.springframework.security.web.DefaultSecurityFilterChain <init> - Will secure Ant [pattern='/swagger-ui.html'] with []
2021-06-20 16:23:57 INFO [restartedMain] o.s.s.w.DefaultSecurityFilterChain
                            [DefaultSecurityFilterChain.java:51] .org.springframework.security.web.DefaultSecurityFilterChain <init> - Will secure Ant [pattern='/swagger-ui.html*'] with []
2021-06-20 16:23:57 INFO [restartedMain] o.s.s.w.DefaultSecurityFilterChain
                            [DefaultSecurityFilterChain.java:51] .org.springframework.security.web.DefaultSecurityFilterChain <init> - Will secure Ant [pattern='/webjars/**'] with []
2021-06-20 16:23:57 INFO [restartedMain] o.s.s.w.DefaultSecurityFilterChain
                            [DefaultSecurityFilterChain.java:51] .org.springframework.security.web.DefaultSecurityFilterChain <init> - Will secure any request with [org.springframework.security.web.context.request.async.WebAsyncManagerIntegrationFilter@1fa41ff4, org.springframework.security.web.context.SecurityContextPersistenceFilter@733a9148, org.springframework.security.web.header.HeaderWriterFilter@636ffc0c, org.springframework.security.web.authentication.logout.LogoutFilter@5835c163, org.springframework.security.web.savedrequest.RequestCacheAwareFilter@c92a7e5, org.springframework.security.web.servletapi.SecurityContextHolderAwareRequestFilter@6a9a0ed3, org.springframework.security.web.authentication.AnonymousAuthenticationFilter@5a8a5861, org.springframework.security.web.session.SessionManagementFilter@427b22bc, org.springframework.security.web.access.ExceptionTranslationFilter@3748e2eb, org.springframework.security.web.access.intercept.FilterSecurityInterceptor@6b15dfce]
2021-06-20 16:23:57 INFO [restartedMain] s.d.s.w.PropertySourcedRequestMappingHandlerMapping
                            [PropertySourcedRequestMappingHandlerMapping.java:69] .springfox.documentation.spring.web.PropertySourcedRequestMappingHandlerMapping initHandlerMethods - Mapped URL path [/v2/api-docs] onto method [springfox.documentation.swagger2.web.Swagger2Controller#getDocumentation(String, HttpServletRequest)]
2021-06-20 16:23:57 INFO [restartedMain] o.s.b.d.a.OptionalLiveReloadServer
                            [OptionalLiveReloadServer.java:58] .org.springframework.boot.devtools.autoconfigure.OptionalLiveReloadServer startServer - LiveReload server is running on port 35729
2021-06-20 16:23:57 INFO [restartedMain] o.a.c.h.Http11NioProtocol
                            [DirectJDKLog.java:173] .org.apache.juli.logging.DirectJDKLog log - Starting ProtocolHandler ["http-nio-9090"]
2021-06-20 16:23:57 INFO [restartedMain] o.s.b.w.e.t.TomcatWebServer
                            [TomcatWebServer.java:220] .org.springframework.boot.web.embedded.tomcat.TomcatWebServer start - Tomcat started on port(s): 9090 (http) with context path ''
2021-06-20 16:23:57 INFO [restartedMain] s.d.s.w.p.DocumentationPluginsBootstrapper
                            [DocumentationPluginsBootstrapper.java:160] .springfox.documentation.spring.web.plugins.DocumentationPluginsBootstrapper start - Context refreshed
2021-06-20 16:23:58 INFO [restartedMain] s.d.s.w.p.DocumentationPluginsBootstrapper
                            [DocumentationPluginsBootstrapper.java:163] .springfox.documentation.spring.web.plugins.DocumentationPluginsBootstrapper start - Found 1 custom documentation plugin(s)
2021-06-20 16:23:58 INFO [restartedMain] s.d.s.w.s.ApiListingReferenceScanner
                            [ApiListingReferenceScanner.java:41] .springfox.documentation.spring.web.scanners.ApiListingReferenceScanner scan - Scanning for api listing references
2021-06-20 16:23:58 INFO [restartedMain] s.d.s.w.r.o.CachingOperationNameGenerator
                            [CachingOperationNameGenerator.java:40] .springfox.documentation.spring.web.readers.operation.CachingOperationNameGenerator startingWith - Generating unique operation named: handleUsingGET_1
2021-06-20 16:23:58 INFO [restartedMain] c.a.a.As2MiddlewareApplication
                            [StartupInfoLogger.java:61] .org.springframework.boot.StartupInfoLogger logStarted - Started As2MiddlewareApplication in 3.045 seconds (JVM running for 4.289)
2021-06-20 16:23:58 INFO [restartedMain] o.s.b.a.ApplicationAvailabilityBean
                            [ApplicationAvailabilityBean.java:75] .org.springframework.boot.availability.ApplicationAvailabilityBean logStateChange - Application availability state LivenessState changed to CORRECT
2021-06-20 16:23:58 INFO [restartedMain] o.s.b.a.ApplicationAvailabilityBean
                            [ApplicationAvailabilityBean.java:75] .org.springframework.boot.availability.ApplicationAvailabilityBean logStateChange - Application availability state ReadinessState changed to ACCEPTING_TRAFFIC
2021-06-20 16:23:59 INFO [RMI TCP Connection(1)-172.22.32.1] o.a.c.c.C.[.[.[/]
                            [DirectJDKLog.java:173] .org.apache.juli.logging.DirectJDKLog log - Initializing Spring DispatcherServlet 'dispatcherServlet'
2021-06-20 16:23:59 INFO [RMI TCP Connection(1)-172.22.32.1] o.s.w.s.DispatcherServlet
                            [FrameworkServlet.java:525] .org.springframework.web.servlet.FrameworkServlet initServletBean - Initializing Servlet 'dispatcherServlet'
2021-06-20 16:23:59 INFO [RMI TCP Connection(1)-172.22.32.1] o.s.w.s.DispatcherServlet
                            [FrameworkServlet.java:547] .org.springframework.web.servlet.FrameworkServlet initServletBean - Completed initialization in 1 ms
2021-06-20 16:26:08 INFO [restartedMain] c.a.a.As2MiddlewareApplication
                            [StartupInfoLogger.java:55] .org.springframework.boot.StartupInfoLogger logStarting - Starting As2MiddlewareApplication using Java 11.0.8 on odinaka with PID 1092 (C:\projects\conectar\as2-middleware\target\classes started by odinaka in C:\projects\conectar\as2-middleware)
2021-06-20 16:26:08 DEBUG [restartedMain] c.a.a.As2MiddlewareApplication
                            [StartupInfoLogger.java:56] .org.springframework.boot.StartupInfoLogger logStarting - Running with Spring Boot v2.5.0, Spring v5.3.7
2021-06-20 16:26:08 INFO [restartedMain] c.a.a.As2MiddlewareApplication
                            [SpringApplication.java:667] .org.springframework.boot.SpringApplication logStartupProfileInfo - The following profiles are active: dev
2021-06-20 16:26:08 INFO [restartedMain] o.s.b.d.e.DevToolsPropertyDefaultsPostProcessor
                            [DeferredLog.java:255] .org.springframework.boot.logging.DeferredLog logTo - Devtools property defaults active! Set 'spring.devtools.add-properties' to 'false' to disable
2021-06-20 16:26:08 INFO [restartedMain] o.s.b.d.e.DevToolsPropertyDefaultsPostProcessor
                            [DeferredLog.java:255] .org.springframework.boot.logging.DeferredLog logTo - For additional web related logging consider setting the 'logging.level.web' property to 'DEBUG'
2021-06-20 16:26:08 WARN [background-preinit] o.s.h.c.j.Jackson2ObjectMapperBuilder
                            [CompositeLog.java:127] .org.springframework.core.log.CompositeLog warn - For Jackson Kotlin classes support please add "com.fasterxml.jackson.module:jackson-module-kotlin" to the classpath
2021-06-20 16:26:09 INFO [restartedMain] o.s.c.s.PostProcessorRegistrationDelegate$BeanPostProcessorChecker
                            [PostProcessorRegistrationDelegate.java:376] .org.springframework.context.support.PostProcessorRegistrationDelegate$BeanPostProcessorChecker postProcessAfterInitialization - Bean 'org.springframework.security.access.expression.method.DefaultMethodSecurityExpressionHandler@2a370bc' of type [org.springframework.security.access.expression.method.DefaultMethodSecurityExpressionHandler] is not eligible for getting processed by all BeanPostProcessors (for example: not eligible for auto-proxying)
2021-06-20 16:26:09 INFO [restartedMain] o.s.c.s.PostProcessorRegistrationDelegate$BeanPostProcessorChecker
                            [PostProcessorRegistrationDelegate.java:376] .org.springframework.context.support.PostProcessorRegistrationDelegate$BeanPostProcessorChecker postProcessAfterInitialization - Bean 'methodSecurityMetadataSource' of type [org.springframework.security.access.method.DelegatingMethodSecurityMetadataSource] is not eligible for getting processed by all BeanPostProcessors (for example: not eligible for auto-proxying)
2021-06-20 16:26:09 INFO [restartedMain] o.s.b.w.e.t.TomcatWebServer
                            [TomcatWebServer.java:108] .org.springframework.boot.web.embedded.tomcat.TomcatWebServer initialize - Tomcat initialized with port(s): 9090 (http)
2021-06-20 16:26:09 INFO [restartedMain] o.a.c.h.Http11NioProtocol
                            [DirectJDKLog.java:173] .org.apache.juli.logging.DirectJDKLog log - Initializing ProtocolHandler ["http-nio-9090"]
2021-06-20 16:26:09 INFO [restartedMain] o.a.c.c.StandardService
                            [DirectJDKLog.java:173] .org.apache.juli.logging.DirectJDKLog log - Starting service [Tomcat]
2021-06-20 16:26:09 INFO [restartedMain] o.a.c.c.StandardEngine
                            [DirectJDKLog.java:173] .org.apache.juli.logging.DirectJDKLog log - Starting Servlet engine: [Apache Tomcat/9.0.46]
2021-06-20 16:26:09 INFO [restartedMain] o.a.c.c.C.[.[.[/]
                            [DirectJDKLog.java:173] .org.apache.juli.logging.DirectJDKLog log - Initializing Spring embedded WebApplicationContext
2021-06-20 16:26:09 INFO [restartedMain] o.s.b.w.s.c.ServletWebServerApplicationContext
                            [ServletWebServerApplicationContext.java:290] .org.springframework.boot.web.servlet.context.ServletWebServerApplicationContext prepareWebApplicationContext - Root WebApplicationContext: initialization completed in 1418 ms
2021-06-20 16:26:10 INFO [restartedMain] c.a.a.s.i.FileService
                            [FileService.java:53] .connect.as2.as2middleware.service.impl.FileService init - created folder C:/projects/conectar/as2/sender/data/toAny
2021-06-20 16:26:10 INFO [restartedMain] c.a.a.s.i.FileService
                            [FileService.java:53] .connect.as2.as2middleware.service.impl.FileService init - created folder C:/projects/conectar/as2/sender/data/toMinCommerce
2021-06-20 16:26:10 INFO [restartedMain] c.a.a.s.i.FileService
                            [FileService.java:53] .connect.as2.as2middleware.service.impl.FileService init - created folder C:/projects/conectar/as2/sender/data/toConectar
2021-06-20 16:26:10 INFO [restartedMain] o.s.b.a.e.w.EndpointLinksResolver
                            [EndpointLinksResolver.java:58] .org.springframework.boot.actuate.endpoint.web.EndpointLinksResolver <init> - Exposing 1 endpoint(s) beneath base path '/actuator'
2021-06-20 16:26:10 INFO [restartedMain] o.s.b.a.s.s.UserDetailsServiceAutoConfiguration
                            [UserDetailsServiceAutoConfiguration.java:86] .org.springframework.boot.autoconfigure.security.servlet.UserDetailsServiceAutoConfiguration getOrDeducePassword - 

Using generated security password: 6c252ee6-0cec-428f-9a13-6ded2f17e7d3

2021-06-20 16:26:10 INFO [restartedMain] o.s.s.w.DefaultSecurityFilterChain
                            [DefaultSecurityFilterChain.java:51] .org.springframework.security.web.DefaultSecurityFilterChain <init> - Will secure Ant [pattern='/websocket/**'] with []
2021-06-20 16:26:10 INFO [restartedMain] o.s.s.w.DefaultSecurityFilterChain
                            [DefaultSecurityFilterChain.java:51] .org.springframework.security.web.DefaultSecurityFilterChain <init> - Will secure Ant [pattern='/docs*'] with []
2021-06-20 16:26:10 INFO [restartedMain] o.s.s.w.DefaultSecurityFilterChain
                            [DefaultSecurityFilterChain.java:51] .org.springframework.security.web.DefaultSecurityFilterChain <init> - Will secure Ant [pattern='/api-docs'] with []
2021-06-20 16:26:10 INFO [restartedMain] o.s.s.w.DefaultSecurityFilterChain
                            [DefaultSecurityFilterChain.java:51] .org.springframework.security.web.DefaultSecurityFilterChain <init> - Will secure Ant [pattern='/api-docs.yaml'] with []
2021-06-20 16:26:10 INFO [restartedMain] o.s.s.w.DefaultSecurityFilterChain
                            [DefaultSecurityFilterChain.java:51] .org.springframework.security.web.DefaultSecurityFilterChain <init> - Will secure Ant [pattern='/v3/api-docs'] with []
2021-06-20 16:26:10 INFO [restartedMain] o.s.s.w.DefaultSecurityFilterChain
                            [DefaultSecurityFilterChain.java:51] .org.springframework.security.web.DefaultSecurityFilterChain <init> - Will secure Ant [pattern='/v3/api-docs.yaml'] with []
2021-06-20 16:26:10 INFO [restartedMain] o.s.s.w.DefaultSecurityFilterChain
                            [DefaultSecurityFilterChain.java:51] .org.springframework.security.web.DefaultSecurityFilterChain <init> - Will secure Ant [pattern='/v2/api-docs'] with []
2021-06-20 16:26:10 INFO [restartedMain] o.s.s.w.DefaultSecurityFilterChain
                            [DefaultSecurityFilterChain.java:51] .org.springframework.security.web.DefaultSecurityFilterChain <init> - Will secure Ant [pattern='/v2/api-docs.yaml'] with []
2021-06-20 16:26:10 INFO [restartedMain] o.s.s.w.DefaultSecurityFilterChain
                            [DefaultSecurityFilterChain.java:51] .org.springframework.security.web.DefaultSecurityFilterChain <init> - Will secure Ant [pattern='/configuration/ui'] with []
2021-06-20 16:26:10 INFO [restartedMain] o.s.s.w.DefaultSecurityFilterChain
                            [DefaultSecurityFilterChain.java:51] .org.springframework.security.web.DefaultSecurityFilterChain <init> - Will secure Ant [pattern='/swagger-resources/**'] with []
2021-06-20 16:26:10 INFO [restartedMain] o.s.s.w.DefaultSecurityFilterChain
                            [DefaultSecurityFilterChain.java:51] .org.springframework.security.web.DefaultSecurityFilterChain <init> - Will secure Ant [pattern='/configuration/security'] with []
2021-06-20 16:26:10 INFO [restartedMain] o.s.s.w.DefaultSecurityFilterChain
                            [DefaultSecurityFilterChain.java:51] .org.springframework.security.web.DefaultSecurityFilterChain <init> - Will secure Ant [pattern='/swagger-*'] with []
2021-06-20 16:26:10 INFO [restartedMain] o.s.s.w.DefaultSecurityFilterChain
                            [DefaultSecurityFilterChain.java:51] .org.springframework.security.web.DefaultSecurityFilterChain <init> - Will secure Ant [pattern='/swagger-ui.html'] with []
2021-06-20 16:26:10 INFO [restartedMain] o.s.s.w.DefaultSecurityFilterChain
                            [DefaultSecurityFilterChain.java:51] .org.springframework.security.web.DefaultSecurityFilterChain <init> - Will secure Ant [pattern='/swagger-ui.html*'] with []
2021-06-20 16:26:10 INFO [restartedMain] o.s.s.w.DefaultSecurityFilterChain
                            [DefaultSecurityFilterChain.java:51] .org.springframework.security.web.DefaultSecurityFilterChain <init> - Will secure Ant [pattern='/webjars/**'] with []
2021-06-20 16:26:10 INFO [restartedMain] o.s.s.w.DefaultSecurityFilterChain
                            [DefaultSecurityFilterChain.java:51] .org.springframework.security.web.DefaultSecurityFilterChain <init> - Will secure any request with [org.springframework.security.web.context.request.async.WebAsyncManagerIntegrationFilter@19446b54, org.springframework.security.web.context.SecurityContextPersistenceFilter@7febb058, org.springframework.security.web.header.HeaderWriterFilter@19542195, org.springframework.security.web.authentication.logout.LogoutFilter@6048d417, org.springframework.security.web.savedrequest.RequestCacheAwareFilter@58676550, org.springframework.security.web.servletapi.SecurityContextHolderAwareRequestFilter@4bd3abdc, org.springframework.security.web.authentication.AnonymousAuthenticationFilter@7d1a2e96, org.springframework.security.web.session.SessionManagementFilter@53a4c8bf, org.springframework.security.web.access.ExceptionTranslationFilter@3119753, org.springframework.security.web.access.intercept.FilterSecurityInterceptor@16de5c86]
2021-06-20 16:26:10 INFO [restartedMain] s.d.s.w.PropertySourcedRequestMappingHandlerMapping
                            [PropertySourcedRequestMappingHandlerMapping.java:69] .springfox.documentation.spring.web.PropertySourcedRequestMappingHandlerMapping initHandlerMethods - Mapped URL path [/v2/api-docs] onto method [springfox.documentation.swagger2.web.Swagger2Controller#getDocumentation(String, HttpServletRequest)]
2021-06-20 16:26:10 INFO [restartedMain] o.s.b.d.a.OptionalLiveReloadServer
                            [OptionalLiveReloadServer.java:58] .org.springframework.boot.devtools.autoconfigure.OptionalLiveReloadServer startServer - LiveReload server is running on port 35729
2021-06-20 16:26:10 INFO [restartedMain] o.a.c.h.Http11NioProtocol
                            [DirectJDKLog.java:173] .org.apache.juli.logging.DirectJDKLog log - Starting ProtocolHandler ["http-nio-9090"]
2021-06-20 16:26:10 INFO [restartedMain] o.s.b.w.e.t.TomcatWebServer
                            [TomcatWebServer.java:220] .org.springframework.boot.web.embedded.tomcat.TomcatWebServer start - Tomcat started on port(s): 9090 (http) with context path ''
2021-06-20 16:26:10 INFO [restartedMain] s.d.s.w.p.DocumentationPluginsBootstrapper
                            [DocumentationPluginsBootstrapper.java:160] .springfox.documentation.spring.web.plugins.DocumentationPluginsBootstrapper start - Context refreshed
2021-06-20 16:26:10 INFO [restartedMain] s.d.s.w.p.DocumentationPluginsBootstrapper
                            [DocumentationPluginsBootstrapper.java:163] .springfox.documentation.spring.web.plugins.DocumentationPluginsBootstrapper start - Found 1 custom documentation plugin(s)
2021-06-20 16:26:10 INFO [restartedMain] s.d.s.w.s.ApiListingReferenceScanner
                            [ApiListingReferenceScanner.java:41] .springfox.documentation.spring.web.scanners.ApiListingReferenceScanner scan - Scanning for api listing references
2021-06-20 16:26:10 INFO [restartedMain] s.d.s.w.r.o.CachingOperationNameGenerator
                            [CachingOperationNameGenerator.java:40] .springfox.documentation.spring.web.readers.operation.CachingOperationNameGenerator startingWith - Generating unique operation named: handleUsingGET_1
2021-06-20 16:26:11 INFO [restartedMain] c.a.a.As2MiddlewareApplication
                            [StartupInfoLogger.java:61] .org.springframework.boot.StartupInfoLogger logStarted - Started As2MiddlewareApplication in 2.98 seconds (JVM running for 4.25)
2021-06-20 16:26:11 INFO [restartedMain] o.s.b.a.ApplicationAvailabilityBean
                            [ApplicationAvailabilityBean.java:75] .org.springframework.boot.availability.ApplicationAvailabilityBean logStateChange - Application availability state LivenessState changed to CORRECT
2021-06-20 16:26:11 INFO [restartedMain] o.s.b.a.ApplicationAvailabilityBean
                            [ApplicationAvailabilityBean.java:75] .org.springframework.boot.availability.ApplicationAvailabilityBean logStateChange - Application availability state ReadinessState changed to ACCEPTING_TRAFFIC
2021-06-20 16:26:11 INFO [RMI TCP Connection(1)-172.22.32.1] o.a.c.c.C.[.[.[/]
                            [DirectJDKLog.java:173] .org.apache.juli.logging.DirectJDKLog log - Initializing Spring DispatcherServlet 'dispatcherServlet'
2021-06-20 16:26:11 INFO [RMI TCP Connection(1)-172.22.32.1] o.s.w.s.DispatcherServlet
                            [FrameworkServlet.java:525] .org.springframework.web.servlet.FrameworkServlet initServletBean - Initializing Servlet 'dispatcherServlet'
2021-06-20 16:26:11 INFO [RMI TCP Connection(1)-172.22.32.1] o.s.w.s.DispatcherServlet
                            [FrameworkServlet.java:547] .org.springframework.web.servlet.FrameworkServlet initServletBean - Completed initialization in 1 ms
2021-06-20 16:33:56 INFO [restartedMain] c.a.a.As2MiddlewareApplication
                            [StartupInfoLogger.java:55] .org.springframework.boot.StartupInfoLogger logStarting - Starting As2MiddlewareApplication using Java 11.0.8 on odinaka with PID 32656 (C:\projects\conectar\as2-middleware\target\classes started by odinaka in C:\projects\conectar\as2-middleware)
2021-06-20 16:33:56 DEBUG [restartedMain] c.a.a.As2MiddlewareApplication
                            [StartupInfoLogger.java:56] .org.springframework.boot.StartupInfoLogger logStarting - Running with Spring Boot v2.5.0, Spring v5.3.7
2021-06-20 16:33:56 INFO [restartedMain] c.a.a.As2MiddlewareApplication
                            [SpringApplication.java:667] .org.springframework.boot.SpringApplication logStartupProfileInfo - The following profiles are active: dev
2021-06-20 16:33:56 INFO [restartedMain] o.s.b.d.e.DevToolsPropertyDefaultsPostProcessor
                            [DeferredLog.java:255] .org.springframework.boot.logging.DeferredLog logTo - Devtools property defaults active! Set 'spring.devtools.add-properties' to 'false' to disable
2021-06-20 16:33:56 INFO [restartedMain] o.s.b.d.e.DevToolsPropertyDefaultsPostProcessor
                            [DeferredLog.java:255] .org.springframework.boot.logging.DeferredLog logTo - For additional web related logging consider setting the 'logging.level.web' property to 'DEBUG'
2021-06-20 16:33:56 WARN [background-preinit] o.s.h.c.j.Jackson2ObjectMapperBuilder
                            [CompositeLog.java:127] .org.springframework.core.log.CompositeLog warn - For Jackson Kotlin classes support please add "com.fasterxml.jackson.module:jackson-module-kotlin" to the classpath
2021-06-20 16:33:57 INFO [restartedMain] o.s.c.s.PostProcessorRegistrationDelegate$BeanPostProcessorChecker
                            [PostProcessorRegistrationDelegate.java:376] .org.springframework.context.support.PostProcessorRegistrationDelegate$BeanPostProcessorChecker postProcessAfterInitialization - Bean 'org.springframework.security.access.expression.method.DefaultMethodSecurityExpressionHandler@5eddccbd' of type [org.springframework.security.access.expression.method.DefaultMethodSecurityExpressionHandler] is not eligible for getting processed by all BeanPostProcessors (for example: not eligible for auto-proxying)
2021-06-20 16:33:57 INFO [restartedMain] o.s.c.s.PostProcessorRegistrationDelegate$BeanPostProcessorChecker
                            [PostProcessorRegistrationDelegate.java:376] .org.springframework.context.support.PostProcessorRegistrationDelegate$BeanPostProcessorChecker postProcessAfterInitialization - Bean 'methodSecurityMetadataSource' of type [org.springframework.security.access.method.DelegatingMethodSecurityMetadataSource] is not eligible for getting processed by all BeanPostProcessors (for example: not eligible for auto-proxying)
2021-06-20 16:33:57 INFO [restartedMain] o.s.b.w.e.t.TomcatWebServer
                            [TomcatWebServer.java:108] .org.springframework.boot.web.embedded.tomcat.TomcatWebServer initialize - Tomcat initialized with port(s): 9090 (http)
2021-06-20 16:33:57 INFO [restartedMain] o.a.c.h.Http11NioProtocol
                            [DirectJDKLog.java:173] .org.apache.juli.logging.DirectJDKLog log - Initializing ProtocolHandler ["http-nio-9090"]
2021-06-20 16:33:57 INFO [restartedMain] o.a.c.c.StandardService
                            [DirectJDKLog.java:173] .org.apache.juli.logging.DirectJDKLog log - Starting service [Tomcat]
2021-06-20 16:33:57 INFO [restartedMain] o.a.c.c.StandardEngine
                            [DirectJDKLog.java:173] .org.apache.juli.logging.DirectJDKLog log - Starting Servlet engine: [Apache Tomcat/9.0.46]
2021-06-20 16:33:57 INFO [restartedMain] o.a.c.c.C.[.[.[/]
                            [DirectJDKLog.java:173] .org.apache.juli.logging.DirectJDKLog log - Initializing Spring embedded WebApplicationContext
2021-06-20 16:33:57 INFO [restartedMain] o.s.b.w.s.c.ServletWebServerApplicationContext
                            [ServletWebServerApplicationContext.java:290] .org.springframework.boot.web.servlet.context.ServletWebServerApplicationContext prepareWebApplicationContext - Root WebApplicationContext: initialization completed in 1425 ms
2021-06-20 16:33:58 INFO [restartedMain] c.a.a.s.i.FileService
                            [FileService.java:53] .connect.as2.as2middleware.service.impl.FileService init - created folder C:/projects/conectar/as2/sender/data/toAny
2021-06-20 16:33:58 INFO [restartedMain] c.a.a.s.i.FileService
                            [FileService.java:53] .connect.as2.as2middleware.service.impl.FileService init - created folder C:/projects/conectar/as2/sender/data/toMinCommerce
2021-06-20 16:33:58 INFO [restartedMain] c.a.a.s.i.FileService
                            [FileService.java:53] .connect.as2.as2middleware.service.impl.FileService init - created folder C:/projects/conectar/as2/sender/data/toConectar
2021-06-20 16:33:58 INFO [restartedMain] o.s.b.a.e.w.EndpointLinksResolver
                            [EndpointLinksResolver.java:58] .org.springframework.boot.actuate.endpoint.web.EndpointLinksResolver <init> - Exposing 1 endpoint(s) beneath base path '/actuator'
2021-06-20 16:33:58 INFO [restartedMain] o.s.b.a.s.s.UserDetailsServiceAutoConfiguration
                            [UserDetailsServiceAutoConfiguration.java:86] .org.springframework.boot.autoconfigure.security.servlet.UserDetailsServiceAutoConfiguration getOrDeducePassword - 

Using generated security password: 5eae6e28-5269-4002-809e-53cc0d1948a9

2021-06-20 16:33:58 INFO [restartedMain] o.s.s.w.DefaultSecurityFilterChain
                            [DefaultSecurityFilterChain.java:51] .org.springframework.security.web.DefaultSecurityFilterChain <init> - Will secure Ant [pattern='/websocket/**'] with []
2021-06-20 16:33:58 INFO [restartedMain] o.s.s.w.DefaultSecurityFilterChain
                            [DefaultSecurityFilterChain.java:51] .org.springframework.security.web.DefaultSecurityFilterChain <init> - Will secure Ant [pattern='/docs*'] with []
2021-06-20 16:33:58 INFO [restartedMain] o.s.s.w.DefaultSecurityFilterChain
                            [DefaultSecurityFilterChain.java:51] .org.springframework.security.web.DefaultSecurityFilterChain <init> - Will secure Ant [pattern='/api-docs'] with []
2021-06-20 16:33:58 INFO [restartedMain] o.s.s.w.DefaultSecurityFilterChain
                            [DefaultSecurityFilterChain.java:51] .org.springframework.security.web.DefaultSecurityFilterChain <init> - Will secure Ant [pattern='/api-docs.yaml'] with []
2021-06-20 16:33:58 INFO [restartedMain] o.s.s.w.DefaultSecurityFilterChain
                            [DefaultSecurityFilterChain.java:51] .org.springframework.security.web.DefaultSecurityFilterChain <init> - Will secure Ant [pattern='/v3/api-docs'] with []
2021-06-20 16:33:58 INFO [restartedMain] o.s.s.w.DefaultSecurityFilterChain
                            [DefaultSecurityFilterChain.java:51] .org.springframework.security.web.DefaultSecurityFilterChain <init> - Will secure Ant [pattern='/v3/api-docs.yaml'] with []
2021-06-20 16:33:58 INFO [restartedMain] o.s.s.w.DefaultSecurityFilterChain
                            [DefaultSecurityFilterChain.java:51] .org.springframework.security.web.DefaultSecurityFilterChain <init> - Will secure Ant [pattern='/v2/api-docs'] with []
2021-06-20 16:33:58 INFO [restartedMain] o.s.s.w.DefaultSecurityFilterChain
                            [DefaultSecurityFilterChain.java:51] .org.springframework.security.web.DefaultSecurityFilterChain <init> - Will secure Ant [pattern='/v2/api-docs.yaml'] with []
2021-06-20 16:33:58 INFO [restartedMain] o.s.s.w.DefaultSecurityFilterChain
                            [DefaultSecurityFilterChain.java:51] .org.springframework.security.web.DefaultSecurityFilterChain <init> - Will secure Ant [pattern='/configuration/ui'] with []
2021-06-20 16:33:58 INFO [restartedMain] o.s.s.w.DefaultSecurityFilterChain
                            [DefaultSecurityFilterChain.java:51] .org.springframework.security.web.DefaultSecurityFilterChain <init> - Will secure Ant [pattern='/swagger-resources/**'] with []
2021-06-20 16:33:58 INFO [restartedMain] o.s.s.w.DefaultSecurityFilterChain
                            [DefaultSecurityFilterChain.java:51] .org.springframework.security.web.DefaultSecurityFilterChain <init> - Will secure Ant [pattern='/configuration/security'] with []
2021-06-20 16:33:58 INFO [restartedMain] o.s.s.w.DefaultSecurityFilterChain
                            [DefaultSecurityFilterChain.java:51] .org.springframework.security.web.DefaultSecurityFilterChain <init> - Will secure Ant [pattern='/swagger-*'] with []
2021-06-20 16:33:58 INFO [restartedMain] o.s.s.w.DefaultSecurityFilterChain
                            [DefaultSecurityFilterChain.java:51] .org.springframework.security.web.DefaultSecurityFilterChain <init> - Will secure Ant [pattern='/swagger-ui.html'] with []
2021-06-20 16:33:58 INFO [restartedMain] o.s.s.w.DefaultSecurityFilterChain
                            [DefaultSecurityFilterChain.java:51] .org.springframework.security.web.DefaultSecurityFilterChain <init> - Will secure Ant [pattern='/swagger-ui.html*'] with []
2021-06-20 16:33:58 INFO [restartedMain] o.s.s.w.DefaultSecurityFilterChain
                            [DefaultSecurityFilterChain.java:51] .org.springframework.security.web.DefaultSecurityFilterChain <init> - Will secure Ant [pattern='/webjars/**'] with []
2021-06-20 16:33:58 INFO [restartedMain] o.s.s.w.DefaultSecurityFilterChain
                            [DefaultSecurityFilterChain.java:51] .org.springframework.security.web.DefaultSecurityFilterChain <init> - Will secure any request with [org.springframework.security.web.context.request.async.WebAsyncManagerIntegrationFilter@28abd242, org.springframework.security.web.context.SecurityContextPersistenceFilter@66b012b, org.springframework.security.web.header.HeaderWriterFilter@1e027ca3, org.springframework.security.web.authentication.logout.LogoutFilter@3f8bfbc8, org.springframework.security.web.savedrequest.RequestCacheAwareFilter@47037504, org.springframework.security.web.servletapi.SecurityContextHolderAwareRequestFilter@43b38018, org.springframework.security.web.authentication.AnonymousAuthenticationFilter@5d2f1362, org.springframework.security.web.session.SessionManagementFilter@3aae24b3, org.springframework.security.web.access.ExceptionTranslationFilter@2eb5b92, org.springframework.security.web.access.intercept.FilterSecurityInterceptor@38d9a510]
2021-06-20 16:33:58 INFO [restartedMain] s.d.s.w.PropertySourcedRequestMappingHandlerMapping
                            [PropertySourcedRequestMappingHandlerMapping.java:69] .springfox.documentation.spring.web.PropertySourcedRequestMappingHandlerMapping initHandlerMethods - Mapped URL path [/v2/api-docs] onto method [springfox.documentation.swagger2.web.Swagger2Controller#getDocumentation(String, HttpServletRequest)]
2021-06-20 16:33:58 INFO [restartedMain] o.s.b.d.a.OptionalLiveReloadServer
                            [OptionalLiveReloadServer.java:58] .org.springframework.boot.devtools.autoconfigure.OptionalLiveReloadServer startServer - LiveReload server is running on port 35729
2021-06-20 16:33:59 INFO [restartedMain] o.a.c.h.Http11NioProtocol
                            [DirectJDKLog.java:173] .org.apache.juli.logging.DirectJDKLog log - Starting ProtocolHandler ["http-nio-9090"]
2021-06-20 16:33:59 INFO [restartedMain] o.s.b.w.e.t.TomcatWebServer
                            [TomcatWebServer.java:220] .org.springframework.boot.web.embedded.tomcat.TomcatWebServer start - Tomcat started on port(s): 9090 (http) with context path ''
2021-06-20 16:33:59 INFO [restartedMain] s.d.s.w.p.DocumentationPluginsBootstrapper
                            [DocumentationPluginsBootstrapper.java:160] .springfox.documentation.spring.web.plugins.DocumentationPluginsBootstrapper start - Context refreshed
2021-06-20 16:33:59 INFO [restartedMain] s.d.s.w.p.DocumentationPluginsBootstrapper
                            [DocumentationPluginsBootstrapper.java:163] .springfox.documentation.spring.web.plugins.DocumentationPluginsBootstrapper start - Found 1 custom documentation plugin(s)
2021-06-20 16:33:59 INFO [restartedMain] s.d.s.w.s.ApiListingReferenceScanner
                            [ApiListingReferenceScanner.java:41] .springfox.documentation.spring.web.scanners.ApiListingReferenceScanner scan - Scanning for api listing references
2021-06-20 16:33:59 INFO [restartedMain] s.d.s.w.r.o.CachingOperationNameGenerator
                            [CachingOperationNameGenerator.java:40] .springfox.documentation.spring.web.readers.operation.CachingOperationNameGenerator startingWith - Generating unique operation named: handleUsingGET_1
2021-06-20 16:33:59 INFO [restartedMain] c.a.a.As2MiddlewareApplication
                            [StartupInfoLogger.java:61] .org.springframework.boot.StartupInfoLogger logStarted - Started As2MiddlewareApplication in 3.056 seconds (JVM running for 4.277)
2021-06-20 16:33:59 INFO [restartedMain] o.s.b.a.ApplicationAvailabilityBean
                            [ApplicationAvailabilityBean.java:75] .org.springframework.boot.availability.ApplicationAvailabilityBean logStateChange - Application availability state LivenessState changed to CORRECT
2021-06-20 16:33:59 INFO [restartedMain] o.s.b.a.ApplicationAvailabilityBean
                            [ApplicationAvailabilityBean.java:75] .org.springframework.boot.availability.ApplicationAvailabilityBean logStateChange - Application availability state ReadinessState changed to ACCEPTING_TRAFFIC
2021-06-20 16:34:00 INFO [RMI TCP Connection(3)-172.22.32.1] o.a.c.c.C.[.[.[/]
                            [DirectJDKLog.java:173] .org.apache.juli.logging.DirectJDKLog log - Initializing Spring DispatcherServlet 'dispatcherServlet'
2021-06-20 16:34:00 INFO [RMI TCP Connection(3)-172.22.32.1] o.s.w.s.DispatcherServlet
                            [FrameworkServlet.java:525] .org.springframework.web.servlet.FrameworkServlet initServletBean - Initializing Servlet 'dispatcherServlet'
2021-06-20 16:34:00 INFO [RMI TCP Connection(3)-172.22.32.1] o.s.w.s.DispatcherServlet
                            [FrameworkServlet.java:547] .org.springframework.web.servlet.FrameworkServlet initServletBean - Completed initialization in 2 ms
2021-06-20 16:38:33 INFO [restartedMain] c.a.a.As2MiddlewareApplication
                            [StartupInfoLogger.java:55] .org.springframework.boot.StartupInfoLogger logStarting - Starting As2MiddlewareApplication using Java 11.0.8 on odinaka with PID 9556 (C:\projects\conectar\as2-middleware\target\classes started by odinaka in C:\projects\conectar\as2-middleware)
2021-06-20 16:38:33 DEBUG [restartedMain] c.a.a.As2MiddlewareApplication
                            [StartupInfoLogger.java:56] .org.springframework.boot.StartupInfoLogger logStarting - Running with Spring Boot v2.5.0, Spring v5.3.7
2021-06-20 16:38:33 INFO [restartedMain] c.a.a.As2MiddlewareApplication
                            [SpringApplication.java:667] .org.springframework.boot.SpringApplication logStartupProfileInfo - The following profiles are active: dev
2021-06-20 16:38:33 INFO [restartedMain] o.s.b.d.e.DevToolsPropertyDefaultsPostProcessor
                            [DeferredLog.java:255] .org.springframework.boot.logging.DeferredLog logTo - Devtools property defaults active! Set 'spring.devtools.add-properties' to 'false' to disable
2021-06-20 16:38:33 INFO [restartedMain] o.s.b.d.e.DevToolsPropertyDefaultsPostProcessor
                            [DeferredLog.java:255] .org.springframework.boot.logging.DeferredLog logTo - For additional web related logging consider setting the 'logging.level.web' property to 'DEBUG'
2021-06-20 16:38:33 WARN [background-preinit] o.s.h.c.j.Jackson2ObjectMapperBuilder
                            [CompositeLog.java:127] .org.springframework.core.log.CompositeLog warn - For Jackson Kotlin classes support please add "com.fasterxml.jackson.module:jackson-module-kotlin" to the classpath
2021-06-20 16:38:34 INFO [restartedMain] o.s.c.s.PostProcessorRegistrationDelegate$BeanPostProcessorChecker
                            [PostProcessorRegistrationDelegate.java:376] .org.springframework.context.support.PostProcessorRegistrationDelegate$BeanPostProcessorChecker postProcessAfterInitialization - Bean 'org.springframework.security.access.expression.method.DefaultMethodSecurityExpressionHandler@377c47db' of type [org.springframework.security.access.expression.method.DefaultMethodSecurityExpressionHandler] is not eligible for getting processed by all BeanPostProcessors (for example: not eligible for auto-proxying)
2021-06-20 16:38:34 INFO [restartedMain] o.s.c.s.PostProcessorRegistrationDelegate$BeanPostProcessorChecker
                            [PostProcessorRegistrationDelegate.java:376] .org.springframework.context.support.PostProcessorRegistrationDelegate$BeanPostProcessorChecker postProcessAfterInitialization - Bean 'methodSecurityMetadataSource' of type [org.springframework.security.access.method.DelegatingMethodSecurityMetadataSource] is not eligible for getting processed by all BeanPostProcessors (for example: not eligible for auto-proxying)
2021-06-20 16:38:34 INFO [restartedMain] o.s.b.w.e.t.TomcatWebServer
                            [TomcatWebServer.java:108] .org.springframework.boot.web.embedded.tomcat.TomcatWebServer initialize - Tomcat initialized with port(s): 9090 (http)
2021-06-20 16:38:34 INFO [restartedMain] o.a.c.h.Http11NioProtocol
                            [DirectJDKLog.java:173] .org.apache.juli.logging.DirectJDKLog log - Initializing ProtocolHandler ["http-nio-9090"]
2021-06-20 16:38:34 INFO [restartedMain] o.a.c.c.StandardService
                            [DirectJDKLog.java:173] .org.apache.juli.logging.DirectJDKLog log - Starting service [Tomcat]
2021-06-20 16:38:34 INFO [restartedMain] o.a.c.c.StandardEngine
                            [DirectJDKLog.java:173] .org.apache.juli.logging.DirectJDKLog log - Starting Servlet engine: [Apache Tomcat/9.0.46]
2021-06-20 16:38:34 INFO [restartedMain] o.a.c.c.C.[.[.[/]
                            [DirectJDKLog.java:173] .org.apache.juli.logging.DirectJDKLog log - Initializing Spring embedded WebApplicationContext
2021-06-20 16:38:34 INFO [restartedMain] o.s.b.w.s.c.ServletWebServerApplicationContext
                            [ServletWebServerApplicationContext.java:290] .org.springframework.boot.web.servlet.context.ServletWebServerApplicationContext prepareWebApplicationContext - Root WebApplicationContext: initialization completed in 1631 ms
2021-06-20 16:38:34 INFO [restartedMain] c.a.a.s.i.FileService
                            [FileService.java:53] .connect.as2.as2middleware.service.impl.FileService init - created folder C:/projects/conectar/as2/sender/data/toAny
2021-06-20 16:38:34 INFO [restartedMain] c.a.a.s.i.FileService
                            [FileService.java:53] .connect.as2.as2middleware.service.impl.FileService init - created folder C:/projects/conectar/as2/sender/data/toMinCommerce
2021-06-20 16:38:34 INFO [restartedMain] c.a.a.s.i.FileService
                            [FileService.java:53] .connect.as2.as2middleware.service.impl.FileService init - created folder C:/projects/conectar/as2/sender/data/toConectar
2021-06-20 16:38:35 INFO [restartedMain] o.s.b.a.e.w.EndpointLinksResolver
                            [EndpointLinksResolver.java:58] .org.springframework.boot.actuate.endpoint.web.EndpointLinksResolver <init> - Exposing 1 endpoint(s) beneath base path '/actuator'
2021-06-20 16:38:35 INFO [restartedMain] o.s.b.a.s.s.UserDetailsServiceAutoConfiguration
                            [UserDetailsServiceAutoConfiguration.java:86] .org.springframework.boot.autoconfigure.security.servlet.UserDetailsServiceAutoConfiguration getOrDeducePassword - 

Using generated security password: c2636542-c3b8-495a-b6f1-d4ab14c03232

2021-06-20 16:38:35 INFO [restartedMain] o.s.s.w.DefaultSecurityFilterChain
                            [DefaultSecurityFilterChain.java:51] .org.springframework.security.web.DefaultSecurityFilterChain <init> - Will secure Ant [pattern='/websocket/**'] with []
2021-06-20 16:38:35 INFO [restartedMain] o.s.s.w.DefaultSecurityFilterChain
                            [DefaultSecurityFilterChain.java:51] .org.springframework.security.web.DefaultSecurityFilterChain <init> - Will secure Ant [pattern='/docs*'] with []
2021-06-20 16:38:35 INFO [restartedMain] o.s.s.w.DefaultSecurityFilterChain
                            [DefaultSecurityFilterChain.java:51] .org.springframework.security.web.DefaultSecurityFilterChain <init> - Will secure Ant [pattern='/api-docs'] with []
2021-06-20 16:38:35 INFO [restartedMain] o.s.s.w.DefaultSecurityFilterChain
                            [DefaultSecurityFilterChain.java:51] .org.springframework.security.web.DefaultSecurityFilterChain <init> - Will secure Ant [pattern='/api-docs.yaml'] with []
2021-06-20 16:38:35 INFO [restartedMain] o.s.s.w.DefaultSecurityFilterChain
                            [DefaultSecurityFilterChain.java:51] .org.springframework.security.web.DefaultSecurityFilterChain <init> - Will secure Ant [pattern='/v3/api-docs'] with []
2021-06-20 16:38:35 INFO [restartedMain] o.s.s.w.DefaultSecurityFilterChain
                            [DefaultSecurityFilterChain.java:51] .org.springframework.security.web.DefaultSecurityFilterChain <init> - Will secure Ant [pattern='/v3/api-docs.yaml'] with []
2021-06-20 16:38:35 INFO [restartedMain] o.s.s.w.DefaultSecurityFilterChain
                            [DefaultSecurityFilterChain.java:51] .org.springframework.security.web.DefaultSecurityFilterChain <init> - Will secure Ant [pattern='/v2/api-docs'] with []
2021-06-20 16:38:35 INFO [restartedMain] o.s.s.w.DefaultSecurityFilterChain
                            [DefaultSecurityFilterChain.java:51] .org.springframework.security.web.DefaultSecurityFilterChain <init> - Will secure Ant [pattern='/v2/api-docs.yaml'] with []
2021-06-20 16:38:35 INFO [restartedMain] o.s.s.w.DefaultSecurityFilterChain
                            [DefaultSecurityFilterChain.java:51] .org.springframework.security.web.DefaultSecurityFilterChain <init> - Will secure Ant [pattern='/configuration/ui'] with []
2021-06-20 16:38:35 INFO [restartedMain] o.s.s.w.DefaultSecurityFilterChain
                            [DefaultSecurityFilterChain.java:51] .org.springframework.security.web.DefaultSecurityFilterChain <init> - Will secure Ant [pattern='/swagger-resources/**'] with []
2021-06-20 16:38:35 INFO [restartedMain] o.s.s.w.DefaultSecurityFilterChain
                            [DefaultSecurityFilterChain.java:51] .org.springframework.security.web.DefaultSecurityFilterChain <init> - Will secure Ant [pattern='/configuration/security'] with []
2021-06-20 16:38:35 INFO [restartedMain] o.s.s.w.DefaultSecurityFilterChain
                            [DefaultSecurityFilterChain.java:51] .org.springframework.security.web.DefaultSecurityFilterChain <init> - Will secure Ant [pattern='/swagger-*'] with []
2021-06-20 16:38:35 INFO [restartedMain] o.s.s.w.DefaultSecurityFilterChain
                            [DefaultSecurityFilterChain.java:51] .org.springframework.security.web.DefaultSecurityFilterChain <init> - Will secure Ant [pattern='/swagger-ui.html'] with []
2021-06-20 16:38:35 INFO [restartedMain] o.s.s.w.DefaultSecurityFilterChain
                            [DefaultSecurityFilterChain.java:51] .org.springframework.security.web.DefaultSecurityFilterChain <init> - Will secure Ant [pattern='/swagger-ui.html*'] with []
2021-06-20 16:38:35 INFO [restartedMain] o.s.s.w.DefaultSecurityFilterChain
                            [DefaultSecurityFilterChain.java:51] .org.springframework.security.web.DefaultSecurityFilterChain <init> - Will secure Ant [pattern='/webjars/**'] with []
2021-06-20 16:38:35 INFO [restartedMain] o.s.s.w.DefaultSecurityFilterChain
                            [DefaultSecurityFilterChain.java:51] .org.springframework.security.web.DefaultSecurityFilterChain <init> - Will secure any request with [org.springframework.security.web.context.request.async.WebAsyncManagerIntegrationFilter@40132dc3, org.springframework.security.web.context.SecurityContextPersistenceFilter@20dd2d5c, org.springframework.security.web.header.HeaderWriterFilter@42464f6, org.springframework.security.web.authentication.logout.LogoutFilter@281f9489, org.springframework.security.web.savedrequest.RequestCacheAwareFilter@4c1b733, org.springframework.security.web.servletapi.SecurityContextHolderAwareRequestFilter@6621d949, org.springframework.security.web.authentication.AnonymousAuthenticationFilter@5a0a1307, org.springframework.security.web.session.SessionManagementFilter@5d06aa23, org.springframework.security.web.access.ExceptionTranslationFilter@3c81c43a, org.springframework.security.web.access.intercept.FilterSecurityInterceptor@5be82d73]
2021-06-20 16:38:35 INFO [restartedMain] s.d.s.w.PropertySourcedRequestMappingHandlerMapping
                            [PropertySourcedRequestMappingHandlerMapping.java:69] .springfox.documentation.spring.web.PropertySourcedRequestMappingHandlerMapping initHandlerMethods - Mapped URL path [/v2/api-docs] onto method [springfox.documentation.swagger2.web.Swagger2Controller#getDocumentation(String, HttpServletRequest)]
2021-06-20 16:38:35 INFO [restartedMain] o.s.b.d.a.OptionalLiveReloadServer
                            [OptionalLiveReloadServer.java:58] .org.springframework.boot.devtools.autoconfigure.OptionalLiveReloadServer startServer - LiveReload server is running on port 35729
2021-06-20 16:38:35 INFO [restartedMain] o.a.c.h.Http11NioProtocol
                            [DirectJDKLog.java:173] .org.apache.juli.logging.DirectJDKLog log - Starting ProtocolHandler ["http-nio-9090"]
2021-06-20 16:38:35 INFO [restartedMain] o.s.b.w.e.t.TomcatWebServer
                            [TomcatWebServer.java:220] .org.springframework.boot.web.embedded.tomcat.TomcatWebServer start - Tomcat started on port(s): 9090 (http) with context path ''
2021-06-20 16:38:35 INFO [restartedMain] s.d.s.w.p.DocumentationPluginsBootstrapper
                            [DocumentationPluginsBootstrapper.java:160] .springfox.documentation.spring.web.plugins.DocumentationPluginsBootstrapper start - Context refreshed
2021-06-20 16:38:35 INFO [restartedMain] s.d.s.w.p.DocumentationPluginsBootstrapper
                            [DocumentationPluginsBootstrapper.java:163] .springfox.documentation.spring.web.plugins.DocumentationPluginsBootstrapper start - Found 1 custom documentation plugin(s)
2021-06-20 16:38:35 INFO [restartedMain] s.d.s.w.s.ApiListingReferenceScanner
                            [ApiListingReferenceScanner.java:41] .springfox.documentation.spring.web.scanners.ApiListingReferenceScanner scan - Scanning for api listing references
2021-06-20 16:38:36 INFO [restartedMain] s.d.s.w.r.o.CachingOperationNameGenerator
                            [CachingOperationNameGenerator.java:40] .springfox.documentation.spring.web.readers.operation.CachingOperationNameGenerator startingWith - Generating unique operation named: handleUsingGET_1
2021-06-20 16:38:36 INFO [restartedMain] c.a.a.As2MiddlewareApplication
                            [StartupInfoLogger.java:61] .org.springframework.boot.StartupInfoLogger logStarted - Started As2MiddlewareApplication in 3.362 seconds (JVM running for 4.742)
2021-06-20 16:38:36 INFO [restartedMain] o.s.b.a.ApplicationAvailabilityBean
                            [ApplicationAvailabilityBean.java:75] .org.springframework.boot.availability.ApplicationAvailabilityBean logStateChange - Application availability state LivenessState changed to CORRECT
2021-06-20 16:38:36 INFO [restartedMain] o.s.b.a.ApplicationAvailabilityBean
                            [ApplicationAvailabilityBean.java:75] .org.springframework.boot.availability.ApplicationAvailabilityBean logStateChange - Application availability state ReadinessState changed to ACCEPTING_TRAFFIC
2021-06-20 16:38:37 INFO [RMI TCP Connection(3)-172.22.32.1] o.a.c.c.C.[.[.[/]
                            [DirectJDKLog.java:173] .org.apache.juli.logging.DirectJDKLog log - Initializing Spring DispatcherServlet 'dispatcherServlet'
2021-06-20 16:38:37 INFO [RMI TCP Connection(3)-172.22.32.1] o.s.w.s.DispatcherServlet
                            [FrameworkServlet.java:525] .org.springframework.web.servlet.FrameworkServlet initServletBean - Initializing Servlet 'dispatcherServlet'
2021-06-20 16:38:37 INFO [RMI TCP Connection(3)-172.22.32.1] o.s.w.s.DispatcherServlet
                            [FrameworkServlet.java:547] .org.springframework.web.servlet.FrameworkServlet initServletBean - Completed initialization in 1 ms
2021-06-20 16:38:48 INFO [restartedMain] c.a.a.As2MiddlewareApplication
                            [StartupInfoLogger.java:55] .org.springframework.boot.StartupInfoLogger logStarting - Starting As2MiddlewareApplication using Java 11.0.8 on odinaka with PID 21664 (C:\projects\conectar\as2-middleware\target\classes started by odinaka in C:\projects\conectar\as2-middleware)
2021-06-20 16:38:48 DEBUG [restartedMain] c.a.a.As2MiddlewareApplication
                            [StartupInfoLogger.java:56] .org.springframework.boot.StartupInfoLogger logStarting - Running with Spring Boot v2.5.0, Spring v5.3.7
2021-06-20 16:38:48 INFO [restartedMain] c.a.a.As2MiddlewareApplication
                            [SpringApplication.java:667] .org.springframework.boot.SpringApplication logStartupProfileInfo - The following profiles are active: dev
2021-06-20 16:38:48 INFO [restartedMain] o.s.b.d.e.DevToolsPropertyDefaultsPostProcessor
                            [DeferredLog.java:255] .org.springframework.boot.logging.DeferredLog logTo - Devtools property defaults active! Set 'spring.devtools.add-properties' to 'false' to disable
2021-06-20 16:38:48 INFO [restartedMain] o.s.b.d.e.DevToolsPropertyDefaultsPostProcessor
                            [DeferredLog.java:255] .org.springframework.boot.logging.DeferredLog logTo - For additional web related logging consider setting the 'logging.level.web' property to 'DEBUG'
2021-06-20 16:38:48 WARN [background-preinit] o.s.h.c.j.Jackson2ObjectMapperBuilder
                            [CompositeLog.java:127] .org.springframework.core.log.CompositeLog warn - For Jackson Kotlin classes support please add "com.fasterxml.jackson.module:jackson-module-kotlin" to the classpath
2021-06-20 16:38:50 INFO [restartedMain] o.s.c.s.PostProcessorRegistrationDelegate$BeanPostProcessorChecker
                            [PostProcessorRegistrationDelegate.java:376] .org.springframework.context.support.PostProcessorRegistrationDelegate$BeanPostProcessorChecker postProcessAfterInitialization - Bean 'org.springframework.security.access.expression.method.DefaultMethodSecurityExpressionHandler@4d768e3' of type [org.springframework.security.access.expression.method.DefaultMethodSecurityExpressionHandler] is not eligible for getting processed by all BeanPostProcessors (for example: not eligible for auto-proxying)
2021-06-20 16:38:50 INFO [restartedMain] o.s.c.s.PostProcessorRegistrationDelegate$BeanPostProcessorChecker
                            [PostProcessorRegistrationDelegate.java:376] .org.springframework.context.support.PostProcessorRegistrationDelegate$BeanPostProcessorChecker postProcessAfterInitialization - Bean 'methodSecurityMetadataSource' of type [org.springframework.security.access.method.DelegatingMethodSecurityMetadataSource] is not eligible for getting processed by all BeanPostProcessors (for example: not eligible for auto-proxying)
2021-06-20 16:38:50 INFO [restartedMain] o.s.b.w.e.t.TomcatWebServer
                            [TomcatWebServer.java:108] .org.springframework.boot.web.embedded.tomcat.TomcatWebServer initialize - Tomcat initialized with port(s): 9090 (http)
2021-06-20 16:38:50 INFO [restartedMain] o.a.c.h.Http11NioProtocol
                            [DirectJDKLog.java:173] .org.apache.juli.logging.DirectJDKLog log - Initializing ProtocolHandler ["http-nio-9090"]
2021-06-20 16:38:50 INFO [restartedMain] o.a.c.c.StandardService
                            [DirectJDKLog.java:173] .org.apache.juli.logging.DirectJDKLog log - Starting service [Tomcat]
2021-06-20 16:38:50 INFO [restartedMain] o.a.c.c.StandardEngine
                            [DirectJDKLog.java:173] .org.apache.juli.logging.DirectJDKLog log - Starting Servlet engine: [Apache Tomcat/9.0.46]
2021-06-20 16:38:50 INFO [restartedMain] o.a.c.c.C.[.[.[/]
                            [DirectJDKLog.java:173] .org.apache.juli.logging.DirectJDKLog log - Initializing Spring embedded WebApplicationContext
2021-06-20 16:38:50 INFO [restartedMain] o.s.b.w.s.c.ServletWebServerApplicationContext
                            [ServletWebServerApplicationContext.java:290] .org.springframework.boot.web.servlet.context.ServletWebServerApplicationContext prepareWebApplicationContext - Root WebApplicationContext: initialization completed in 1630 ms
2021-06-20 16:38:50 INFO [restartedMain] c.a.a.s.i.FileService
                            [FileService.java:53] .connect.as2.as2middleware.service.impl.FileService init - created folder C:/projects/conectar/as2/sender/data/toAny
2021-06-20 16:38:50 INFO [restartedMain] c.a.a.s.i.FileService
                            [FileService.java:53] .connect.as2.as2middleware.service.impl.FileService init - created folder C:/projects/conectar/as2/sender/data/toMinCommerce
2021-06-20 16:38:50 INFO [restartedMain] c.a.a.s.i.FileService
                            [FileService.java:53] .connect.as2.as2middleware.service.impl.FileService init - created folder C:/projects/conectar/as2/sender/data/toConectar
2021-06-20 16:38:50 INFO [restartedMain] o.s.b.a.e.w.EndpointLinksResolver
                            [EndpointLinksResolver.java:58] .org.springframework.boot.actuate.endpoint.web.EndpointLinksResolver <init> - Exposing 1 endpoint(s) beneath base path '/actuator'
2021-06-20 16:38:50 INFO [restartedMain] o.s.b.a.s.s.UserDetailsServiceAutoConfiguration
                            [UserDetailsServiceAutoConfiguration.java:86] .org.springframework.boot.autoconfigure.security.servlet.UserDetailsServiceAutoConfiguration getOrDeducePassword - 

Using generated security password: 8675be12-0acb-4518-8665-2deee049173b

2021-06-20 16:38:51 INFO [restartedMain] o.s.s.w.DefaultSecurityFilterChain
                            [DefaultSecurityFilterChain.java:51] .org.springframework.security.web.DefaultSecurityFilterChain <init> - Will secure Ant [pattern='/websocket/**'] with []
2021-06-20 16:38:51 INFO [restartedMain] o.s.s.w.DefaultSecurityFilterChain
                            [DefaultSecurityFilterChain.java:51] .org.springframework.security.web.DefaultSecurityFilterChain <init> - Will secure Ant [pattern='/docs*'] with []
2021-06-20 16:38:51 INFO [restartedMain] o.s.s.w.DefaultSecurityFilterChain
                            [DefaultSecurityFilterChain.java:51] .org.springframework.security.web.DefaultSecurityFilterChain <init> - Will secure Ant [pattern='/api-docs'] with []
2021-06-20 16:38:51 INFO [restartedMain] o.s.s.w.DefaultSecurityFilterChain
                            [DefaultSecurityFilterChain.java:51] .org.springframework.security.web.DefaultSecurityFilterChain <init> - Will secure Ant [pattern='/api-docs.yaml'] with []
2021-06-20 16:38:51 INFO [restartedMain] o.s.s.w.DefaultSecurityFilterChain
                            [DefaultSecurityFilterChain.java:51] .org.springframework.security.web.DefaultSecurityFilterChain <init> - Will secure Ant [pattern='/v3/api-docs'] with []
2021-06-20 16:38:51 INFO [restartedMain] o.s.s.w.DefaultSecurityFilterChain
                            [DefaultSecurityFilterChain.java:51] .org.springframework.security.web.DefaultSecurityFilterChain <init> - Will secure Ant [pattern='/v3/api-docs.yaml'] with []
2021-06-20 16:38:51 INFO [restartedMain] o.s.s.w.DefaultSecurityFilterChain
                            [DefaultSecurityFilterChain.java:51] .org.springframework.security.web.DefaultSecurityFilterChain <init> - Will secure Ant [pattern='/v2/api-docs'] with []
2021-06-20 16:38:51 INFO [restartedMain] o.s.s.w.DefaultSecurityFilterChain
                            [DefaultSecurityFilterChain.java:51] .org.springframework.security.web.DefaultSecurityFilterChain <init> - Will secure Ant [pattern='/v2/api-docs.yaml'] with []
2021-06-20 16:38:51 INFO [restartedMain] o.s.s.w.DefaultSecurityFilterChain
                            [DefaultSecurityFilterChain.java:51] .org.springframework.security.web.DefaultSecurityFilterChain <init> - Will secure Ant [pattern='/configuration/ui'] with []
2021-06-20 16:38:51 INFO [restartedMain] o.s.s.w.DefaultSecurityFilterChain
                            [DefaultSecurityFilterChain.java:51] .org.springframework.security.web.DefaultSecurityFilterChain <init> - Will secure Ant [pattern='/swagger-resources/**'] with []
2021-06-20 16:38:51 INFO [restartedMain] o.s.s.w.DefaultSecurityFilterChain
                            [DefaultSecurityFilterChain.java:51] .org.springframework.security.web.DefaultSecurityFilterChain <init> - Will secure Ant [pattern='/configuration/security'] with []
2021-06-20 16:38:51 INFO [restartedMain] o.s.s.w.DefaultSecurityFilterChain
                            [DefaultSecurityFilterChain.java:51] .org.springframework.security.web.DefaultSecurityFilterChain <init> - Will secure Ant [pattern='/swagger-*'] with []
2021-06-20 16:38:51 INFO [restartedMain] o.s.s.w.DefaultSecurityFilterChain
                            [DefaultSecurityFilterChain.java:51] .org.springframework.security.web.DefaultSecurityFilterChain <init> - Will secure Ant [pattern='/swagger-ui.html'] with []
2021-06-20 16:38:51 INFO [restartedMain] o.s.s.w.DefaultSecurityFilterChain
                            [DefaultSecurityFilterChain.java:51] .org.springframework.security.web.DefaultSecurityFilterChain <init> - Will secure Ant [pattern='/swagger-ui.html*'] with []
2021-06-20 16:38:51 INFO [restartedMain] o.s.s.w.DefaultSecurityFilterChain
                            [DefaultSecurityFilterChain.java:51] .org.springframework.security.web.DefaultSecurityFilterChain <init> - Will secure Ant [pattern='/webjars/**'] with []
2021-06-20 16:38:51 INFO [restartedMain] o.s.s.w.DefaultSecurityFilterChain
                            [DefaultSecurityFilterChain.java:51] .org.springframework.security.web.DefaultSecurityFilterChain <init> - Will secure any request with [org.springframework.security.web.context.request.async.WebAsyncManagerIntegrationFilter@4d388251, org.springframework.security.web.context.SecurityContextPersistenceFilter@24351785, org.springframework.security.web.header.HeaderWriterFilter@694c545a, org.springframework.security.web.authentication.logout.LogoutFilter@59421cc3, org.springframework.security.web.savedrequest.RequestCacheAwareFilter@541c0f87, org.springframework.security.web.servletapi.SecurityContextHolderAwareRequestFilter@9a67fe4, org.springframework.security.web.authentication.AnonymousAuthenticationFilter@1582538a, org.springframework.security.web.session.SessionManagementFilter@539e04cc, org.springframework.security.web.access.ExceptionTranslationFilter@21022bf7, org.springframework.security.web.access.intercept.FilterSecurityInterceptor@58b00a46]
2021-06-20 16:38:51 INFO [restartedMain] s.d.s.w.PropertySourcedRequestMappingHandlerMapping
                            [PropertySourcedRequestMappingHandlerMapping.java:69] .springfox.documentation.spring.web.PropertySourcedRequestMappingHandlerMapping initHandlerMethods - Mapped URL path [/v2/api-docs] onto method [springfox.documentation.swagger2.web.Swagger2Controller#getDocumentation(String, HttpServletRequest)]
2021-06-20 16:38:51 INFO [restartedMain] o.s.b.d.a.OptionalLiveReloadServer
                            [OptionalLiveReloadServer.java:58] .org.springframework.boot.devtools.autoconfigure.OptionalLiveReloadServer startServer - LiveReload server is running on port 35729
2021-06-20 16:38:51 INFO [restartedMain] o.a.c.h.Http11NioProtocol
                            [DirectJDKLog.java:173] .org.apache.juli.logging.DirectJDKLog log - Starting ProtocolHandler ["http-nio-9090"]
2021-06-20 16:38:51 INFO [restartedMain] o.s.b.w.e.t.TomcatWebServer
                            [TomcatWebServer.java:220] .org.springframework.boot.web.embedded.tomcat.TomcatWebServer start - Tomcat started on port(s): 9090 (http) with context path ''
2021-06-20 16:38:51 INFO [restartedMain] s.d.s.w.p.DocumentationPluginsBootstrapper
                            [DocumentationPluginsBootstrapper.java:160] .springfox.documentation.spring.web.plugins.DocumentationPluginsBootstrapper start - Context refreshed
2021-06-20 16:38:51 INFO [restartedMain] s.d.s.w.p.DocumentationPluginsBootstrapper
                            [DocumentationPluginsBootstrapper.java:163] .springfox.documentation.spring.web.plugins.DocumentationPluginsBootstrapper start - Found 1 custom documentation plugin(s)
2021-06-20 16:38:51 INFO [restartedMain] s.d.s.w.s.ApiListingReferenceScanner
                            [ApiListingReferenceScanner.java:41] .springfox.documentation.spring.web.scanners.ApiListingReferenceScanner scan - Scanning for api listing references
2021-06-20 16:38:51 INFO [restartedMain] s.d.s.w.r.o.CachingOperationNameGenerator
                            [CachingOperationNameGenerator.java:40] .springfox.documentation.spring.web.readers.operation.CachingOperationNameGenerator startingWith - Generating unique operation named: handleUsingGET_1
2021-06-20 16:38:51 INFO [restartedMain] c.a.a.As2MiddlewareApplication
                            [StartupInfoLogger.java:61] .org.springframework.boot.StartupInfoLogger logStarted - Started As2MiddlewareApplication in 3.348 seconds (JVM running for 4.774)
2021-06-20 16:38:51 INFO [restartedMain] o.s.b.a.ApplicationAvailabilityBean
                            [ApplicationAvailabilityBean.java:75] .org.springframework.boot.availability.ApplicationAvailabilityBean logStateChange - Application availability state LivenessState changed to CORRECT
2021-06-20 16:38:51 INFO [restartedMain] o.s.b.a.ApplicationAvailabilityBean
                            [ApplicationAvailabilityBean.java:75] .org.springframework.boot.availability.ApplicationAvailabilityBean logStateChange - Application availability state ReadinessState changed to ACCEPTING_TRAFFIC
2021-06-20 16:38:52 INFO [RMI TCP Connection(1)-172.22.32.1] o.a.c.c.C.[.[.[/]
                            [DirectJDKLog.java:173] .org.apache.juli.logging.DirectJDKLog log - Initializing Spring DispatcherServlet 'dispatcherServlet'
2021-06-20 16:38:52 INFO [RMI TCP Connection(1)-172.22.32.1] o.s.w.s.DispatcherServlet
                            [FrameworkServlet.java:525] .org.springframework.web.servlet.FrameworkServlet initServletBean - Initializing Servlet 'dispatcherServlet'
2021-06-20 16:38:52 INFO [RMI TCP Connection(1)-172.22.32.1] o.s.w.s.DispatcherServlet
                            [FrameworkServlet.java:547] .org.springframework.web.servlet.FrameworkServlet initServletBean - Completed initialization in 1 ms
