2021-06-22 04:03:04 INFO [restartedMain] c.a.a.As2MiddlewareApplication
                            [StartupInfoLogger.java:55] .org.springframework.boot.StartupInfoLogger logStarting - Starting As2MiddlewareApplication using Java 11.0.8 on odinaka with PID 30972 (C:\projects\conectar\as2-middleware\target\classes started by odinaka in C:\projects\conectar\as2-middleware)
2021-06-22 04:03:04 DEBUG [restartedMain] c.a.a.As2MiddlewareApplication
                            [StartupInfoLogger.java:56] .org.springframework.boot.StartupInfoLogger logStarting - Running with Spring Boot v2.5.0, Spring v5.3.7
2021-06-22 04:03:04 INFO [restartedMain] c.a.a.As2MiddlewareApplication
                            [SpringApplication.java:667] .org.springframework.boot.SpringApplication logStartupProfileInfo - The following profiles are active: dev
2021-06-22 04:03:04 INFO [restartedMain] o.s.b.d.e.DevToolsPropertyDefaultsPostProcessor
                            [DeferredLog.java:255] .org.springframework.boot.logging.DeferredLog logTo - Devtools property defaults active! Set 'spring.devtools.add-properties' to 'false' to disable
2021-06-22 04:03:04 INFO [restartedMain] o.s.b.d.e.DevToolsPropertyDefaultsPostProcessor
                            [DeferredLog.java:255] .org.springframework.boot.logging.DeferredLog logTo - For additional web related logging consider setting the 'logging.level.web' property to 'DEBUG'
2021-06-22 04:03:04 WARN [background-preinit] o.s.h.c.j.Jackson2ObjectMapperBuilder
                            [CompositeLog.java:127] .org.springframework.core.log.CompositeLog warn - For Jackson Kotlin classes support please add "com.fasterxml.jackson.module:jackson-module-kotlin" to the classpath
2021-06-22 04:03:05 INFO [restartedMain] o.s.c.s.PostProcessorRegistrationDelegate$BeanPostProcessorChecker
                            [PostProcessorRegistrationDelegate.java:376] .org.springframework.context.support.PostProcessorRegistrationDelegate$BeanPostProcessorChecker postProcessAfterInitialization - Bean 'org.springframework.security.access.expression.method.DefaultMethodSecurityExpressionHandler@3b7243e5' of type [org.springframework.security.access.expression.method.DefaultMethodSecurityExpressionHandler] is not eligible for getting processed by all BeanPostProcessors (for example: not eligible for auto-proxying)
2021-06-22 04:03:05 INFO [restartedMain] o.s.c.s.PostProcessorRegistrationDelegate$BeanPostProcessorChecker
                            [PostProcessorRegistrationDelegate.java:376] .org.springframework.context.support.PostProcessorRegistrationDelegate$BeanPostProcessorChecker postProcessAfterInitialization - Bean 'methodSecurityMetadataSource' of type [org.springframework.security.access.method.DelegatingMethodSecurityMetadataSource] is not eligible for getting processed by all BeanPostProcessors (for example: not eligible for auto-proxying)
2021-06-22 04:03:06 INFO [restartedMain] o.s.b.w.e.t.TomcatWebServer
                            [TomcatWebServer.java:108] .org.springframework.boot.web.embedded.tomcat.TomcatWebServer initialize - Tomcat initialized with port(s): 9090 (http)
2021-06-22 04:03:06 INFO [restartedMain] o.a.c.h.Http11NioProtocol
                            [DirectJDKLog.java:173] .org.apache.juli.logging.DirectJDKLog log - Initializing ProtocolHandler ["http-nio-9090"]
2021-06-22 04:03:06 INFO [restartedMain] o.a.c.c.StandardService
                            [DirectJDKLog.java:173] .org.apache.juli.logging.DirectJDKLog log - Starting service [Tomcat]
2021-06-22 04:03:06 INFO [restartedMain] o.a.c.c.StandardEngine
                            [DirectJDKLog.java:173] .org.apache.juli.logging.DirectJDKLog log - Starting Servlet engine: [Apache Tomcat/9.0.46]
2021-06-22 04:03:06 INFO [restartedMain] o.a.c.c.C.[.[.[/]
                            [DirectJDKLog.java:173] .org.apache.juli.logging.DirectJDKLog log - Initializing Spring embedded WebApplicationContext
2021-06-22 04:03:06 INFO [restartedMain] o.s.b.w.s.c.ServletWebServerApplicationContext
                            [ServletWebServerApplicationContext.java:290] .org.springframework.boot.web.servlet.context.ServletWebServerApplicationContext prepareWebApplicationContext - Root WebApplicationContext: initialization completed in 2104 ms
2021-06-22 04:03:06 INFO [restartedMain] c.a.a.s.i.FileService
                            [FileService.java:55] .connect.as2.as2middleware.service.impl.FileService init - created folder C:/projects/conectar/as2/sender/data/toAny
2021-06-22 04:03:06 INFO [restartedMain] c.a.a.s.i.FileService
                            [FileService.java:55] .connect.as2.as2middleware.service.impl.FileService init - created folder C:/projects/conectar/as2/sender/data/toMinCommerce
2021-06-22 04:03:06 INFO [restartedMain] c.a.a.s.i.FileService
                            [FileService.java:55] .connect.as2.as2middleware.service.impl.FileService init - created folder C:/projects/conectar/as2/sender/data/toConectar
2021-06-22 04:03:06 INFO [restartedMain] o.s.b.a.e.w.EndpointLinksResolver
                            [EndpointLinksResolver.java:58] .org.springframework.boot.actuate.endpoint.web.EndpointLinksResolver <init> - Exposing 1 endpoint(s) beneath base path '/actuator'
2021-06-22 04:03:07 INFO [restartedMain] o.s.b.a.s.s.UserDetailsServiceAutoConfiguration
                            [UserDetailsServiceAutoConfiguration.java:86] .org.springframework.boot.autoconfigure.security.servlet.UserDetailsServiceAutoConfiguration getOrDeducePassword - 

Using generated security password: e2fcfcbd-19cd-45fb-b117-1450a85cb37f

2021-06-22 04:03:07 INFO [restartedMain] o.s.s.w.DefaultSecurityFilterChain
                            [DefaultSecurityFilterChain.java:51] .org.springframework.security.web.DefaultSecurityFilterChain <init> - Will secure Ant [pattern='/websocket/**'] with []
2021-06-22 04:03:07 INFO [restartedMain] o.s.s.w.DefaultSecurityFilterChain
                            [DefaultSecurityFilterChain.java:51] .org.springframework.security.web.DefaultSecurityFilterChain <init> - Will secure Ant [pattern='/docs*'] with []
2021-06-22 04:03:07 INFO [restartedMain] o.s.s.w.DefaultSecurityFilterChain
                            [DefaultSecurityFilterChain.java:51] .org.springframework.security.web.DefaultSecurityFilterChain <init> - Will secure Ant [pattern='/api-docs'] with []
2021-06-22 04:03:07 INFO [restartedMain] o.s.s.w.DefaultSecurityFilterChain
                            [DefaultSecurityFilterChain.java:51] .org.springframework.security.web.DefaultSecurityFilterChain <init> - Will secure Ant [pattern='/api-docs.yaml'] with []
2021-06-22 04:03:07 INFO [restartedMain] o.s.s.w.DefaultSecurityFilterChain
                            [DefaultSecurityFilterChain.java:51] .org.springframework.security.web.DefaultSecurityFilterChain <init> - Will secure Ant [pattern='/v3/api-docs'] with []
2021-06-22 04:03:07 INFO [restartedMain] o.s.s.w.DefaultSecurityFilterChain
                            [DefaultSecurityFilterChain.java:51] .org.springframework.security.web.DefaultSecurityFilterChain <init> - Will secure Ant [pattern='/v3/api-docs.yaml'] with []
2021-06-22 04:03:07 INFO [restartedMain] o.s.s.w.DefaultSecurityFilterChain
                            [DefaultSecurityFilterChain.java:51] .org.springframework.security.web.DefaultSecurityFilterChain <init> - Will secure Ant [pattern='/v2/api-docs'] with []
2021-06-22 04:03:07 INFO [restartedMain] o.s.s.w.DefaultSecurityFilterChain
                            [DefaultSecurityFilterChain.java:51] .org.springframework.security.web.DefaultSecurityFilterChain <init> - Will secure Ant [pattern='/v2/api-docs.yaml'] with []
2021-06-22 04:03:07 INFO [restartedMain] o.s.s.w.DefaultSecurityFilterChain
                            [DefaultSecurityFilterChain.java:51] .org.springframework.security.web.DefaultSecurityFilterChain <init> - Will secure Ant [pattern='/configuration/ui'] with []
2021-06-22 04:03:07 INFO [restartedMain] o.s.s.w.DefaultSecurityFilterChain
                            [DefaultSecurityFilterChain.java:51] .org.springframework.security.web.DefaultSecurityFilterChain <init> - Will secure Ant [pattern='/swagger-resources/**'] with []
2021-06-22 04:03:07 INFO [restartedMain] o.s.s.w.DefaultSecurityFilterChain
                            [DefaultSecurityFilterChain.java:51] .org.springframework.security.web.DefaultSecurityFilterChain <init> - Will secure Ant [pattern='/configuration/security'] with []
2021-06-22 04:03:07 INFO [restartedMain] o.s.s.w.DefaultSecurityFilterChain
                            [DefaultSecurityFilterChain.java:51] .org.springframework.security.web.DefaultSecurityFilterChain <init> - Will secure Ant [pattern='/swagger-*'] with []
2021-06-22 04:03:07 INFO [restartedMain] o.s.s.w.DefaultSecurityFilterChain
                            [DefaultSecurityFilterChain.java:51] .org.springframework.security.web.DefaultSecurityFilterChain <init> - Will secure Ant [pattern='/swagger-ui.html'] with []
2021-06-22 04:03:07 INFO [restartedMain] o.s.s.w.DefaultSecurityFilterChain
                            [DefaultSecurityFilterChain.java:51] .org.springframework.security.web.DefaultSecurityFilterChain <init> - Will secure Ant [pattern='/swagger-ui.html*'] with []
2021-06-22 04:03:07 INFO [restartedMain] o.s.s.w.DefaultSecurityFilterChain
                            [DefaultSecurityFilterChain.java:51] .org.springframework.security.web.DefaultSecurityFilterChain <init> - Will secure Ant [pattern='/webjars/**'] with []
2021-06-22 04:03:07 INFO [restartedMain] o.s.s.w.DefaultSecurityFilterChain
                            [DefaultSecurityFilterChain.java:51] .org.springframework.security.web.DefaultSecurityFilterChain <init> - Will secure any request with [org.springframework.security.web.context.request.async.WebAsyncManagerIntegrationFilter@18ded9fd, org.springframework.security.web.context.SecurityContextPersistenceFilter@7ef41cc0, org.springframework.security.web.header.HeaderWriterFilter@e21c94a, org.springframework.security.web.authentication.logout.LogoutFilter@1b50dbb8, org.springframework.security.web.savedrequest.RequestCacheAwareFilter@51211b10, org.springframework.security.web.servletapi.SecurityContextHolderAwareRequestFilter@56f94635, org.springframework.security.web.authentication.AnonymousAuthenticationFilter@2ce85514, org.springframework.security.web.session.SessionManagementFilter@1ed9876c, org.springframework.security.web.access.ExceptionTranslationFilter@6b08d7f5, org.springframework.security.web.access.intercept.FilterSecurityInterceptor@5fad65ef]
2021-06-22 04:03:07 INFO [restartedMain] s.d.s.w.PropertySourcedRequestMappingHandlerMapping
                            [PropertySourcedRequestMappingHandlerMapping.java:69] .springfox.documentation.spring.web.PropertySourcedRequestMappingHandlerMapping initHandlerMethods - Mapped URL path [/v2/api-docs] onto method [springfox.documentation.swagger2.web.Swagger2Controller#getDocumentation(String, HttpServletRequest)]
2021-06-22 04:03:07 INFO [restartedMain] o.s.b.d.a.OptionalLiveReloadServer
                            [OptionalLiveReloadServer.java:58] .org.springframework.boot.devtools.autoconfigure.OptionalLiveReloadServer startServer - LiveReload server is running on port 35729
2021-06-22 04:03:07 INFO [restartedMain] o.a.c.h.Http11NioProtocol
                            [DirectJDKLog.java:173] .org.apache.juli.logging.DirectJDKLog log - Starting ProtocolHandler ["http-nio-9090"]
2021-06-22 04:03:07 WARN [restartedMain] o.s.b.w.s.c.AnnotationConfigServletWebServerApplicationContext
                            [AbstractApplicationContext.java:591] .org.springframework.context.support.AbstractApplicationContext refresh - Exception encountered during context initialization - cancelling refresh attempt: org.springframework.context.ApplicationContextException: Failed to start bean 'webServerStartStop'; nested exception is org.springframework.boot.web.server.PortInUseException: Port 9090 is already in use
2021-06-22 04:03:07 INFO [restartedMain] o.a.c.h.Http11NioProtocol
                            [DirectJDKLog.java:173] .org.apache.juli.logging.DirectJDKLog log - Pausing ProtocolHandler ["http-nio-9090"]
2021-06-22 04:03:07 INFO [restartedMain] o.a.c.c.StandardService
                            [DirectJDKLog.java:173] .org.apache.juli.logging.DirectJDKLog log - Stopping service [Tomcat]
2021-06-22 04:03:07 INFO [restartedMain] o.a.c.h.Http11NioProtocol
                            [DirectJDKLog.java:173] .org.apache.juli.logging.DirectJDKLog log - Stopping ProtocolHandler ["http-nio-9090"]
2021-06-22 04:03:07 INFO [restartedMain] o.a.c.h.Http11NioProtocol
                            [DirectJDKLog.java:173] .org.apache.juli.logging.DirectJDKLog log - Destroying ProtocolHandler ["http-nio-9090"]
2021-06-22 04:03:07 INFO [restartedMain] o.s.b.a.l.ConditionEvaluationReportLoggingListener
                            [ConditionEvaluationReportLoggingListener.java:136] .org.springframework.boot.autoconfigure.logging.ConditionEvaluationReportLoggingListener logMessage - 

Error starting ApplicationContext. To display the conditions report re-run your application with 'debug' enabled.
2021-06-22 04:03:07 ERROR [restartedMain] o.s.b.d.LoggingFailureAnalysisReporter
                            [LoggingFailureAnalysisReporter.java:40] .org.springframework.boot.diagnostics.LoggingFailureAnalysisReporter report - 

***************************
APPLICATION FAILED TO START
***************************

Description:

Web server failed to start. Port 9090 was already in use.

Action:

Identify and stop the process that's listening on port 9090 or configure this application to listen on another port.

2021-06-22 04:03:29 INFO [restartedMain] c.a.a.As2MiddlewareApplication
                            [StartupInfoLogger.java:55] .org.springframework.boot.StartupInfoLogger logStarting - Starting As2MiddlewareApplication using Java 11.0.8 on odinaka with PID 27948 (C:\projects\conectar\as2-middleware\target\classes started by odinaka in C:\projects\conectar\as2-middleware)
2021-06-22 04:03:29 DEBUG [restartedMain] c.a.a.As2MiddlewareApplication
                            [StartupInfoLogger.java:56] .org.springframework.boot.StartupInfoLogger logStarting - Running with Spring Boot v2.5.0, Spring v5.3.7
2021-06-22 04:03:29 INFO [restartedMain] c.a.a.As2MiddlewareApplication
                            [SpringApplication.java:667] .org.springframework.boot.SpringApplication logStartupProfileInfo - The following profiles are active: dev
2021-06-22 04:03:29 INFO [restartedMain] o.s.b.d.e.DevToolsPropertyDefaultsPostProcessor
                            [DeferredLog.java:255] .org.springframework.boot.logging.DeferredLog logTo - Devtools property defaults active! Set 'spring.devtools.add-properties' to 'false' to disable
2021-06-22 04:03:29 INFO [restartedMain] o.s.b.d.e.DevToolsPropertyDefaultsPostProcessor
                            [DeferredLog.java:255] .org.springframework.boot.logging.DeferredLog logTo - For additional web related logging consider setting the 'logging.level.web' property to 'DEBUG'
2021-06-22 04:03:29 WARN [background-preinit] o.s.h.c.j.Jackson2ObjectMapperBuilder
                            [CompositeLog.java:127] .org.springframework.core.log.CompositeLog warn - For Jackson Kotlin classes support please add "com.fasterxml.jackson.module:jackson-module-kotlin" to the classpath
2021-06-22 04:03:31 INFO [restartedMain] o.s.c.s.PostProcessorRegistrationDelegate$BeanPostProcessorChecker
                            [PostProcessorRegistrationDelegate.java:376] .org.springframework.context.support.PostProcessorRegistrationDelegate$BeanPostProcessorChecker postProcessAfterInitialization - Bean 'org.springframework.security.access.expression.method.DefaultMethodSecurityExpressionHandler@24a940cb' of type [org.springframework.security.access.expression.method.DefaultMethodSecurityExpressionHandler] is not eligible for getting processed by all BeanPostProcessors (for example: not eligible for auto-proxying)
2021-06-22 04:03:31 INFO [restartedMain] o.s.c.s.PostProcessorRegistrationDelegate$BeanPostProcessorChecker
                            [PostProcessorRegistrationDelegate.java:376] .org.springframework.context.support.PostProcessorRegistrationDelegate$BeanPostProcessorChecker postProcessAfterInitialization - Bean 'methodSecurityMetadataSource' of type [org.springframework.security.access.method.DelegatingMethodSecurityMetadataSource] is not eligible for getting processed by all BeanPostProcessors (for example: not eligible for auto-proxying)
2021-06-22 04:03:31 INFO [restartedMain] o.s.b.w.e.t.TomcatWebServer
                            [TomcatWebServer.java:108] .org.springframework.boot.web.embedded.tomcat.TomcatWebServer initialize - Tomcat initialized with port(s): 9090 (http)
2021-06-22 04:03:31 INFO [restartedMain] o.a.c.h.Http11NioProtocol
                            [DirectJDKLog.java:173] .org.apache.juli.logging.DirectJDKLog log - Initializing ProtocolHandler ["http-nio-9090"]
2021-06-22 04:03:31 INFO [restartedMain] o.a.c.c.StandardService
                            [DirectJDKLog.java:173] .org.apache.juli.logging.DirectJDKLog log - Starting service [Tomcat]
2021-06-22 04:03:31 INFO [restartedMain] o.a.c.c.StandardEngine
                            [DirectJDKLog.java:173] .org.apache.juli.logging.DirectJDKLog log - Starting Servlet engine: [Apache Tomcat/9.0.46]
2021-06-22 04:03:31 INFO [restartedMain] o.a.c.c.C.[.[.[/]
                            [DirectJDKLog.java:173] .org.apache.juli.logging.DirectJDKLog log - Initializing Spring embedded WebApplicationContext
2021-06-22 04:03:31 INFO [restartedMain] o.s.b.w.s.c.ServletWebServerApplicationContext
                            [ServletWebServerApplicationContext.java:290] .org.springframework.boot.web.servlet.context.ServletWebServerApplicationContext prepareWebApplicationContext - Root WebApplicationContext: initialization completed in 1577 ms
2021-06-22 04:03:31 INFO [restartedMain] c.a.a.s.i.FileService
                            [FileService.java:55] .connect.as2.as2middleware.service.impl.FileService init - created folder C:/projects/conectar/as2/sender/data/toAny
2021-06-22 04:03:31 INFO [restartedMain] c.a.a.s.i.FileService
                            [FileService.java:55] .connect.as2.as2middleware.service.impl.FileService init - created folder C:/projects/conectar/as2/sender/data/toMinCommerce
2021-06-22 04:03:31 INFO [restartedMain] c.a.a.s.i.FileService
                            [FileService.java:55] .connect.as2.as2middleware.service.impl.FileService init - created folder C:/projects/conectar/as2/sender/data/toConectar
2021-06-22 04:03:32 INFO [restartedMain] o.s.b.a.e.w.EndpointLinksResolver
                            [EndpointLinksResolver.java:58] .org.springframework.boot.actuate.endpoint.web.EndpointLinksResolver <init> - Exposing 1 endpoint(s) beneath base path '/actuator'
2021-06-22 04:03:32 INFO [restartedMain] o.s.b.a.s.s.UserDetailsServiceAutoConfiguration
                            [UserDetailsServiceAutoConfiguration.java:86] .org.springframework.boot.autoconfigure.security.servlet.UserDetailsServiceAutoConfiguration getOrDeducePassword - 

Using generated security password: ae04d6ca-94bc-4892-a081-706668137564

2021-06-22 04:03:32 INFO [restartedMain] o.s.s.w.DefaultSecurityFilterChain
                            [DefaultSecurityFilterChain.java:51] .org.springframework.security.web.DefaultSecurityFilterChain <init> - Will secure Ant [pattern='/websocket/**'] with []
2021-06-22 04:03:32 INFO [restartedMain] o.s.s.w.DefaultSecurityFilterChain
                            [DefaultSecurityFilterChain.java:51] .org.springframework.security.web.DefaultSecurityFilterChain <init> - Will secure Ant [pattern='/docs*'] with []
2021-06-22 04:03:32 INFO [restartedMain] o.s.s.w.DefaultSecurityFilterChain
                            [DefaultSecurityFilterChain.java:51] .org.springframework.security.web.DefaultSecurityFilterChain <init> - Will secure Ant [pattern='/api-docs'] with []
2021-06-22 04:03:32 INFO [restartedMain] o.s.s.w.DefaultSecurityFilterChain
                            [DefaultSecurityFilterChain.java:51] .org.springframework.security.web.DefaultSecurityFilterChain <init> - Will secure Ant [pattern='/api-docs.yaml'] with []
2021-06-22 04:03:32 INFO [restartedMain] o.s.s.w.DefaultSecurityFilterChain
                            [DefaultSecurityFilterChain.java:51] .org.springframework.security.web.DefaultSecurityFilterChain <init> - Will secure Ant [pattern='/v3/api-docs'] with []
2021-06-22 04:03:32 INFO [restartedMain] o.s.s.w.DefaultSecurityFilterChain
                            [DefaultSecurityFilterChain.java:51] .org.springframework.security.web.DefaultSecurityFilterChain <init> - Will secure Ant [pattern='/v3/api-docs.yaml'] with []
2021-06-22 04:03:32 INFO [restartedMain] o.s.s.w.DefaultSecurityFilterChain
                            [DefaultSecurityFilterChain.java:51] .org.springframework.security.web.DefaultSecurityFilterChain <init> - Will secure Ant [pattern='/v2/api-docs'] with []
2021-06-22 04:03:32 INFO [restartedMain] o.s.s.w.DefaultSecurityFilterChain
                            [DefaultSecurityFilterChain.java:51] .org.springframework.security.web.DefaultSecurityFilterChain <init> - Will secure Ant [pattern='/v2/api-docs.yaml'] with []
2021-06-22 04:03:32 INFO [restartedMain] o.s.s.w.DefaultSecurityFilterChain
                            [DefaultSecurityFilterChain.java:51] .org.springframework.security.web.DefaultSecurityFilterChain <init> - Will secure Ant [pattern='/configuration/ui'] with []
2021-06-22 04:03:32 INFO [restartedMain] o.s.s.w.DefaultSecurityFilterChain
                            [DefaultSecurityFilterChain.java:51] .org.springframework.security.web.DefaultSecurityFilterChain <init> - Will secure Ant [pattern='/swagger-resources/**'] with []
2021-06-22 04:03:32 INFO [restartedMain] o.s.s.w.DefaultSecurityFilterChain
                            [DefaultSecurityFilterChain.java:51] .org.springframework.security.web.DefaultSecurityFilterChain <init> - Will secure Ant [pattern='/configuration/security'] with []
2021-06-22 04:03:32 INFO [restartedMain] o.s.s.w.DefaultSecurityFilterChain
                            [DefaultSecurityFilterChain.java:51] .org.springframework.security.web.DefaultSecurityFilterChain <init> - Will secure Ant [pattern='/swagger-*'] with []
2021-06-22 04:03:32 INFO [restartedMain] o.s.s.w.DefaultSecurityFilterChain
                            [DefaultSecurityFilterChain.java:51] .org.springframework.security.web.DefaultSecurityFilterChain <init> - Will secure Ant [pattern='/swagger-ui.html'] with []
2021-06-22 04:03:32 INFO [restartedMain] o.s.s.w.DefaultSecurityFilterChain
                            [DefaultSecurityFilterChain.java:51] .org.springframework.security.web.DefaultSecurityFilterChain <init> - Will secure Ant [pattern='/swagger-ui.html*'] with []
2021-06-22 04:03:32 INFO [restartedMain] o.s.s.w.DefaultSecurityFilterChain
                            [DefaultSecurityFilterChain.java:51] .org.springframework.security.web.DefaultSecurityFilterChain <init> - Will secure Ant [pattern='/webjars/**'] with []
2021-06-22 04:03:32 INFO [restartedMain] o.s.s.w.DefaultSecurityFilterChain
                            [DefaultSecurityFilterChain.java:51] .org.springframework.security.web.DefaultSecurityFilterChain <init> - Will secure any request with [org.springframework.security.web.context.request.async.WebAsyncManagerIntegrationFilter@537945fa, org.springframework.security.web.context.SecurityContextPersistenceFilter@3e9aaeda, org.springframework.security.web.header.HeaderWriterFilter@23c92624, org.springframework.security.web.authentication.logout.LogoutFilter@182a638, org.springframework.security.web.savedrequest.RequestCacheAwareFilter@7168cd9, org.springframework.security.web.servletapi.SecurityContextHolderAwareRequestFilter@69c2facd, org.springframework.security.web.authentication.AnonymousAuthenticationFilter@3032b3bb, org.springframework.security.web.session.SessionManagementFilter@618d272c, org.springframework.security.web.access.ExceptionTranslationFilter@7f0c266c, org.springframework.security.web.access.intercept.FilterSecurityInterceptor@1b0f04fa]
2021-06-22 04:03:32 INFO [restartedMain] s.d.s.w.PropertySourcedRequestMappingHandlerMapping
                            [PropertySourcedRequestMappingHandlerMapping.java:69] .springfox.documentation.spring.web.PropertySourcedRequestMappingHandlerMapping initHandlerMethods - Mapped URL path [/v2/api-docs] onto method [springfox.documentation.swagger2.web.Swagger2Controller#getDocumentation(String, HttpServletRequest)]
2021-06-22 04:03:32 INFO [restartedMain] o.s.b.d.a.OptionalLiveReloadServer
                            [OptionalLiveReloadServer.java:58] .org.springframework.boot.devtools.autoconfigure.OptionalLiveReloadServer startServer - LiveReload server is running on port 35729
2021-06-22 04:03:32 INFO [restartedMain] o.a.c.h.Http11NioProtocol
                            [DirectJDKLog.java:173] .org.apache.juli.logging.DirectJDKLog log - Starting ProtocolHandler ["http-nio-9090"]
2021-06-22 04:03:32 INFO [restartedMain] o.s.b.w.e.t.TomcatWebServer
                            [TomcatWebServer.java:220] .org.springframework.boot.web.embedded.tomcat.TomcatWebServer start - Tomcat started on port(s): 9090 (http) with context path ''
2021-06-22 04:03:32 INFO [restartedMain] s.d.s.w.p.DocumentationPluginsBootstrapper
                            [DocumentationPluginsBootstrapper.java:160] .springfox.documentation.spring.web.plugins.DocumentationPluginsBootstrapper start - Context refreshed
2021-06-22 04:03:32 INFO [restartedMain] s.d.s.w.p.DocumentationPluginsBootstrapper
                            [DocumentationPluginsBootstrapper.java:163] .springfox.documentation.spring.web.plugins.DocumentationPluginsBootstrapper start - Found 1 custom documentation plugin(s)
2021-06-22 04:03:32 INFO [restartedMain] s.d.s.w.s.ApiListingReferenceScanner
                            [ApiListingReferenceScanner.java:41] .springfox.documentation.spring.web.scanners.ApiListingReferenceScanner scan - Scanning for api listing references
2021-06-22 04:03:32 INFO [restartedMain] s.d.s.w.r.o.CachingOperationNameGenerator
                            [CachingOperationNameGenerator.java:40] .springfox.documentation.spring.web.readers.operation.CachingOperationNameGenerator startingWith - Generating unique operation named: handleUsingGET_1
2021-06-22 04:03:32 INFO [restartedMain] c.a.a.As2MiddlewareApplication
                            [StartupInfoLogger.java:61] .org.springframework.boot.StartupInfoLogger logStarted - Started As2MiddlewareApplication in 3.293 seconds (JVM running for 4.633)
2021-06-22 04:03:32 INFO [restartedMain] o.s.b.a.ApplicationAvailabilityBean
                            [ApplicationAvailabilityBean.java:75] .org.springframework.boot.availability.ApplicationAvailabilityBean logStateChange - Application availability state LivenessState changed to CORRECT
2021-06-22 04:03:32 INFO [restartedMain] o.s.b.a.ApplicationAvailabilityBean
                            [ApplicationAvailabilityBean.java:75] .org.springframework.boot.availability.ApplicationAvailabilityBean logStateChange - Application availability state ReadinessState changed to ACCEPTING_TRAFFIC
2021-06-22 04:03:33 INFO [RMI TCP Connection(2)-172.22.32.1] o.a.c.c.C.[.[.[/]
                            [DirectJDKLog.java:173] .org.apache.juli.logging.DirectJDKLog log - Initializing Spring DispatcherServlet 'dispatcherServlet'
2021-06-22 04:03:33 INFO [RMI TCP Connection(2)-172.22.32.1] o.s.w.s.DispatcherServlet
                            [FrameworkServlet.java:525] .org.springframework.web.servlet.FrameworkServlet initServletBean - Initializing Servlet 'dispatcherServlet'
2021-06-22 04:03:33 INFO [RMI TCP Connection(2)-172.22.32.1] o.s.w.s.DispatcherServlet
                            [FrameworkServlet.java:547] .org.springframework.web.servlet.FrameworkServlet initServletBean - Completed initialization in 2 ms
2021-06-22 04:08:37 INFO [restartedMain] c.a.a.As2MiddlewareApplication
                            [StartupInfoLogger.java:55] .org.springframework.boot.StartupInfoLogger logStarting - Starting As2MiddlewareApplication using Java 11.0.8 on odinaka with PID 32984 (C:\projects\conectar\as2-middleware\target\classes started by odinaka in C:\projects\conectar\as2-middleware)
2021-06-22 04:08:37 DEBUG [restartedMain] c.a.a.As2MiddlewareApplication
                            [StartupInfoLogger.java:56] .org.springframework.boot.StartupInfoLogger logStarting - Running with Spring Boot v2.5.0, Spring v5.3.7
2021-06-22 04:08:37 INFO [restartedMain] c.a.a.As2MiddlewareApplication
                            [SpringApplication.java:667] .org.springframework.boot.SpringApplication logStartupProfileInfo - The following profiles are active: dev
2021-06-22 04:08:37 INFO [restartedMain] o.s.b.d.e.DevToolsPropertyDefaultsPostProcessor
                            [DeferredLog.java:255] .org.springframework.boot.logging.DeferredLog logTo - Devtools property defaults active! Set 'spring.devtools.add-properties' to 'false' to disable
2021-06-22 04:08:37 INFO [restartedMain] o.s.b.d.e.DevToolsPropertyDefaultsPostProcessor
                            [DeferredLog.java:255] .org.springframework.boot.logging.DeferredLog logTo - For additional web related logging consider setting the 'logging.level.web' property to 'DEBUG'
2021-06-22 04:08:37 WARN [background-preinit] o.s.h.c.j.Jackson2ObjectMapperBuilder
                            [CompositeLog.java:127] .org.springframework.core.log.CompositeLog warn - For Jackson Kotlin classes support please add "com.fasterxml.jackson.module:jackson-module-kotlin" to the classpath
2021-06-22 04:08:38 INFO [restartedMain] o.s.c.s.PostProcessorRegistrationDelegate$BeanPostProcessorChecker
                            [PostProcessorRegistrationDelegate.java:376] .org.springframework.context.support.PostProcessorRegistrationDelegate$BeanPostProcessorChecker postProcessAfterInitialization - Bean 'org.springframework.security.access.expression.method.DefaultMethodSecurityExpressionHandler@2981c5d4' of type [org.springframework.security.access.expression.method.DefaultMethodSecurityExpressionHandler] is not eligible for getting processed by all BeanPostProcessors (for example: not eligible for auto-proxying)
2021-06-22 04:08:38 INFO [restartedMain] o.s.c.s.PostProcessorRegistrationDelegate$BeanPostProcessorChecker
                            [PostProcessorRegistrationDelegate.java:376] .org.springframework.context.support.PostProcessorRegistrationDelegate$BeanPostProcessorChecker postProcessAfterInitialization - Bean 'methodSecurityMetadataSource' of type [org.springframework.security.access.method.DelegatingMethodSecurityMetadataSource] is not eligible for getting processed by all BeanPostProcessors (for example: not eligible for auto-proxying)
2021-06-22 04:08:39 INFO [restartedMain] o.s.b.w.e.t.TomcatWebServer
                            [TomcatWebServer.java:108] .org.springframework.boot.web.embedded.tomcat.TomcatWebServer initialize - Tomcat initialized with port(s): 9091 (http)
2021-06-22 04:08:39 INFO [restartedMain] o.a.c.h.Http11NioProtocol
                            [DirectJDKLog.java:173] .org.apache.juli.logging.DirectJDKLog log - Initializing ProtocolHandler ["http-nio-9091"]
2021-06-22 04:08:39 INFO [restartedMain] o.a.c.c.StandardService
                            [DirectJDKLog.java:173] .org.apache.juli.logging.DirectJDKLog log - Starting service [Tomcat]
2021-06-22 04:08:39 INFO [restartedMain] o.a.c.c.StandardEngine
                            [DirectJDKLog.java:173] .org.apache.juli.logging.DirectJDKLog log - Starting Servlet engine: [Apache Tomcat/9.0.46]
2021-06-22 04:08:39 INFO [restartedMain] o.a.c.c.C.[.[.[/]
                            [DirectJDKLog.java:173] .org.apache.juli.logging.DirectJDKLog log - Initializing Spring embedded WebApplicationContext
2021-06-22 04:08:39 INFO [restartedMain] o.s.b.w.s.c.ServletWebServerApplicationContext
                            [ServletWebServerApplicationContext.java:290] .org.springframework.boot.web.servlet.context.ServletWebServerApplicationContext prepareWebApplicationContext - Root WebApplicationContext: initialization completed in 1424 ms
2021-06-22 04:08:39 INFO [restartedMain] c.a.a.s.i.FileService
                            [FileService.java:55] .connect.as2.as2middleware.service.impl.FileService init - created folder C:/projects/conectar/as2/sender/data/toAny
2021-06-22 04:08:39 INFO [restartedMain] c.a.a.s.i.FileService
                            [FileService.java:55] .connect.as2.as2middleware.service.impl.FileService init - created folder C:/projects/conectar/as2/sender/data/toMinCommerce
2021-06-22 04:08:39 INFO [restartedMain] c.a.a.s.i.FileService
                            [FileService.java:55] .connect.as2.as2middleware.service.impl.FileService init - created folder C:/projects/conectar/as2/sender/data/toConectar
2021-06-22 04:08:39 INFO [restartedMain] o.s.b.a.e.w.EndpointLinksResolver
                            [EndpointLinksResolver.java:58] .org.springframework.boot.actuate.endpoint.web.EndpointLinksResolver <init> - Exposing 1 endpoint(s) beneath base path '/actuator'
2021-06-22 04:08:39 INFO [restartedMain] o.s.b.a.s.s.UserDetailsServiceAutoConfiguration
                            [UserDetailsServiceAutoConfiguration.java:86] .org.springframework.boot.autoconfigure.security.servlet.UserDetailsServiceAutoConfiguration getOrDeducePassword - 

Using generated security password: 5b8c0e2e-37bc-4301-b822-9bfc1a965976

2021-06-22 04:08:39 INFO [restartedMain] o.s.s.w.DefaultSecurityFilterChain
                            [DefaultSecurityFilterChain.java:51] .org.springframework.security.web.DefaultSecurityFilterChain <init> - Will secure Ant [pattern='/websocket/**'] with []
2021-06-22 04:08:39 INFO [restartedMain] o.s.s.w.DefaultSecurityFilterChain
                            [DefaultSecurityFilterChain.java:51] .org.springframework.security.web.DefaultSecurityFilterChain <init> - Will secure Ant [pattern='/docs*'] with []
2021-06-22 04:08:39 INFO [restartedMain] o.s.s.w.DefaultSecurityFilterChain
                            [DefaultSecurityFilterChain.java:51] .org.springframework.security.web.DefaultSecurityFilterChain <init> - Will secure Ant [pattern='/api-docs'] with []
2021-06-22 04:08:39 INFO [restartedMain] o.s.s.w.DefaultSecurityFilterChain
                            [DefaultSecurityFilterChain.java:51] .org.springframework.security.web.DefaultSecurityFilterChain <init> - Will secure Ant [pattern='/api-docs.yaml'] with []
2021-06-22 04:08:39 INFO [restartedMain] o.s.s.w.DefaultSecurityFilterChain
                            [DefaultSecurityFilterChain.java:51] .org.springframework.security.web.DefaultSecurityFilterChain <init> - Will secure Ant [pattern='/v3/api-docs'] with []
2021-06-22 04:08:39 INFO [restartedMain] o.s.s.w.DefaultSecurityFilterChain
                            [DefaultSecurityFilterChain.java:51] .org.springframework.security.web.DefaultSecurityFilterChain <init> - Will secure Ant [pattern='/v3/api-docs.yaml'] with []
2021-06-22 04:08:39 INFO [restartedMain] o.s.s.w.DefaultSecurityFilterChain
                            [DefaultSecurityFilterChain.java:51] .org.springframework.security.web.DefaultSecurityFilterChain <init> - Will secure Ant [pattern='/v2/api-docs'] with []
2021-06-22 04:08:39 INFO [restartedMain] o.s.s.w.DefaultSecurityFilterChain
                            [DefaultSecurityFilterChain.java:51] .org.springframework.security.web.DefaultSecurityFilterChain <init> - Will secure Ant [pattern='/v2/api-docs.yaml'] with []
2021-06-22 04:08:39 INFO [restartedMain] o.s.s.w.DefaultSecurityFilterChain
                            [DefaultSecurityFilterChain.java:51] .org.springframework.security.web.DefaultSecurityFilterChain <init> - Will secure Ant [pattern='/configuration/ui'] with []
2021-06-22 04:08:39 INFO [restartedMain] o.s.s.w.DefaultSecurityFilterChain
                            [DefaultSecurityFilterChain.java:51] .org.springframework.security.web.DefaultSecurityFilterChain <init> - Will secure Ant [pattern='/swagger-resources/**'] with []
2021-06-22 04:08:39 INFO [restartedMain] o.s.s.w.DefaultSecurityFilterChain
                            [DefaultSecurityFilterChain.java:51] .org.springframework.security.web.DefaultSecurityFilterChain <init> - Will secure Ant [pattern='/configuration/security'] with []
2021-06-22 04:08:39 INFO [restartedMain] o.s.s.w.DefaultSecurityFilterChain
                            [DefaultSecurityFilterChain.java:51] .org.springframework.security.web.DefaultSecurityFilterChain <init> - Will secure Ant [pattern='/swagger-*'] with []
2021-06-22 04:08:39 INFO [restartedMain] o.s.s.w.DefaultSecurityFilterChain
                            [DefaultSecurityFilterChain.java:51] .org.springframework.security.web.DefaultSecurityFilterChain <init> - Will secure Ant [pattern='/swagger-ui.html'] with []
2021-06-22 04:08:39 INFO [restartedMain] o.s.s.w.DefaultSecurityFilterChain
                            [DefaultSecurityFilterChain.java:51] .org.springframework.security.web.DefaultSecurityFilterChain <init> - Will secure Ant [pattern='/swagger-ui.html*'] with []
2021-06-22 04:08:39 INFO [restartedMain] o.s.s.w.DefaultSecurityFilterChain
                            [DefaultSecurityFilterChain.java:51] .org.springframework.security.web.DefaultSecurityFilterChain <init> - Will secure Ant [pattern='/webjars/**'] with []
2021-06-22 04:08:39 INFO [restartedMain] o.s.s.w.DefaultSecurityFilterChain
                            [DefaultSecurityFilterChain.java:51] .org.springframework.security.web.DefaultSecurityFilterChain <init> - Will secure any request with [org.springframework.security.web.context.request.async.WebAsyncManagerIntegrationFilter@fd91f95, org.springframework.security.web.context.SecurityContextPersistenceFilter@718d06ca, org.springframework.security.web.header.HeaderWriterFilter@4232e35c, org.springframework.security.web.authentication.logout.LogoutFilter@1ebd8e5d, org.springframework.security.web.savedrequest.RequestCacheAwareFilter@274a0de2, org.springframework.security.web.servletapi.SecurityContextHolderAwareRequestFilter@6f4433c2, org.springframework.security.web.authentication.AnonymousAuthenticationFilter@77b1367, org.springframework.security.web.session.SessionManagementFilter@642e6623, org.springframework.security.web.access.ExceptionTranslationFilter@218627cd, org.springframework.security.web.access.intercept.FilterSecurityInterceptor@1293572e]
2021-06-22 04:08:39 INFO [restartedMain] s.d.s.w.PropertySourcedRequestMappingHandlerMapping
                            [PropertySourcedRequestMappingHandlerMapping.java:69] .springfox.documentation.spring.web.PropertySourcedRequestMappingHandlerMapping initHandlerMethods - Mapped URL path [/v2/api-docs] onto method [springfox.documentation.swagger2.web.Swagger2Controller#getDocumentation(String, HttpServletRequest)]
2021-06-22 04:08:40 INFO [restartedMain] o.s.b.d.a.OptionalLiveReloadServer
                            [OptionalLiveReloadServer.java:58] .org.springframework.boot.devtools.autoconfigure.OptionalLiveReloadServer startServer - LiveReload server is running on port 35729
2021-06-22 04:08:40 INFO [restartedMain] o.a.c.h.Http11NioProtocol
                            [DirectJDKLog.java:173] .org.apache.juli.logging.DirectJDKLog log - Starting ProtocolHandler ["http-nio-9091"]
2021-06-22 04:08:40 INFO [restartedMain] o.s.b.w.e.t.TomcatWebServer
                            [TomcatWebServer.java:220] .org.springframework.boot.web.embedded.tomcat.TomcatWebServer start - Tomcat started on port(s): 9091 (http) with context path ''
2021-06-22 04:08:40 INFO [restartedMain] s.d.s.w.p.DocumentationPluginsBootstrapper
                            [DocumentationPluginsBootstrapper.java:160] .springfox.documentation.spring.web.plugins.DocumentationPluginsBootstrapper start - Context refreshed
2021-06-22 04:08:40 INFO [restartedMain] s.d.s.w.p.DocumentationPluginsBootstrapper
                            [DocumentationPluginsBootstrapper.java:163] .springfox.documentation.spring.web.plugins.DocumentationPluginsBootstrapper start - Found 1 custom documentation plugin(s)
2021-06-22 04:08:40 INFO [restartedMain] s.d.s.w.s.ApiListingReferenceScanner
                            [ApiListingReferenceScanner.java:41] .springfox.documentation.spring.web.scanners.ApiListingReferenceScanner scan - Scanning for api listing references
2021-06-22 04:08:40 INFO [restartedMain] s.d.s.w.r.o.CachingOperationNameGenerator
                            [CachingOperationNameGenerator.java:40] .springfox.documentation.spring.web.readers.operation.CachingOperationNameGenerator startingWith - Generating unique operation named: handleUsingGET_1
2021-06-22 04:08:40 INFO [restartedMain] c.a.a.As2MiddlewareApplication
                            [StartupInfoLogger.java:61] .org.springframework.boot.StartupInfoLogger logStarted - Started As2MiddlewareApplication in 3.132 seconds (JVM running for 4.388)
2021-06-22 04:08:40 INFO [restartedMain] o.s.b.a.ApplicationAvailabilityBean
                            [ApplicationAvailabilityBean.java:75] .org.springframework.boot.availability.ApplicationAvailabilityBean logStateChange - Application availability state LivenessState changed to CORRECT
2021-06-22 04:08:40 INFO [restartedMain] o.s.b.a.ApplicationAvailabilityBean
                            [ApplicationAvailabilityBean.java:75] .org.springframework.boot.availability.ApplicationAvailabilityBean logStateChange - Application availability state ReadinessState changed to ACCEPTING_TRAFFIC
2021-06-22 04:08:41 INFO [RMI TCP Connection(3)-172.22.32.1] o.a.c.c.C.[.[.[/]
                            [DirectJDKLog.java:173] .org.apache.juli.logging.DirectJDKLog log - Initializing Spring DispatcherServlet 'dispatcherServlet'
2021-06-22 04:08:41 INFO [RMI TCP Connection(3)-172.22.32.1] o.s.w.s.DispatcherServlet
                            [FrameworkServlet.java:525] .org.springframework.web.servlet.FrameworkServlet initServletBean - Initializing Servlet 'dispatcherServlet'
2021-06-22 04:08:41 INFO [RMI TCP Connection(3)-172.22.32.1] o.s.w.s.DispatcherServlet
                            [FrameworkServlet.java:547] .org.springframework.web.servlet.FrameworkServlet initServletBean - Completed initialization in 1 ms
