2021-07-05 11:08:31 INFO [restartedMain] c.a.a.As2MiddlewareApplication
                            [StartupInfoLogger.java:55] .org.springframework.boot.StartupInfoLogger logStarting - Starting As2MiddlewareApplication using Java 11.0.8 on odinaka with PID 21616 (C:\projects\conectar\as2-middleware\target\classes started by odinaka in C:\projects\conectar\as2-middleware)
2021-07-05 11:08:31 DEBUG [restartedMain] c.a.a.As2MiddlewareApplication
                            [StartupInfoLogger.java:56] .org.springframework.boot.StartupInfoLogger logStarting - Running with Spring Boot v2.5.0, Spring v5.3.7
2021-07-05 11:08:31 INFO [restartedMain] c.a.a.As2MiddlewareApplication
                            [SpringApplication.java:667] .org.springframework.boot.SpringApplication logStartupProfileInfo - The following profiles are active: dev
2021-07-05 11:08:31 INFO [restartedMain] o.s.b.d.e.DevToolsPropertyDefaultsPostProcessor
                            [DeferredLog.java:255] .org.springframework.boot.logging.DeferredLog logTo - Devtools property defaults active! Set 'spring.devtools.add-properties' to 'false' to disable
2021-07-05 11:08:31 INFO [restartedMain] o.s.b.d.e.DevToolsPropertyDefaultsPostProcessor
                            [DeferredLog.java:255] .org.springframework.boot.logging.DeferredLog logTo - For additional web related logging consider setting the 'logging.level.web' property to 'DEBUG'
2021-07-05 11:08:31 WARN [background-preinit] o.s.h.c.j.Jackson2ObjectMapperBuilder
                            [CompositeLog.java:127] .org.springframework.core.log.CompositeLog warn - For Jackson Kotlin classes support please add "com.fasterxml.jackson.module:jackson-module-kotlin" to the classpath
2021-07-05 11:08:32 INFO [restartedMain] o.s.c.s.PostProcessorRegistrationDelegate$BeanPostProcessorChecker
                            [PostProcessorRegistrationDelegate.java:376] .org.springframework.context.support.PostProcessorRegistrationDelegate$BeanPostProcessorChecker postProcessAfterInitialization - Bean 'org.springframework.security.access.expression.method.DefaultMethodSecurityExpressionHandler@2e157d10' of type [org.springframework.security.access.expression.method.DefaultMethodSecurityExpressionHandler] is not eligible for getting processed by all BeanPostProcessors (for example: not eligible for auto-proxying)
2021-07-05 11:08:32 INFO [restartedMain] o.s.c.s.PostProcessorRegistrationDelegate$BeanPostProcessorChecker
                            [PostProcessorRegistrationDelegate.java:376] .org.springframework.context.support.PostProcessorRegistrationDelegate$BeanPostProcessorChecker postProcessAfterInitialization - Bean 'methodSecurityMetadataSource' of type [org.springframework.security.access.method.DelegatingMethodSecurityMetadataSource] is not eligible for getting processed by all BeanPostProcessors (for example: not eligible for auto-proxying)
2021-07-05 11:08:32 INFO [restartedMain] o.s.b.w.e.t.TomcatWebServer
                            [TomcatWebServer.java:108] .org.springframework.boot.web.embedded.tomcat.TomcatWebServer initialize - Tomcat initialized with port(s): 9091 (http)
2021-07-05 11:08:32 INFO [restartedMain] o.a.c.h.Http11NioProtocol
                            [DirectJDKLog.java:173] .org.apache.juli.logging.DirectJDKLog log - Initializing ProtocolHandler ["http-nio-9091"]
2021-07-05 11:08:32 INFO [restartedMain] o.a.c.c.StandardService
                            [DirectJDKLog.java:173] .org.apache.juli.logging.DirectJDKLog log - Starting service [Tomcat]
2021-07-05 11:08:32 INFO [restartedMain] o.a.c.c.StandardEngine
                            [DirectJDKLog.java:173] .org.apache.juli.logging.DirectJDKLog log - Starting Servlet engine: [Apache Tomcat/9.0.46]
2021-07-05 11:08:32 INFO [restartedMain] o.a.c.c.C.[.[.[/middleware]
                            [DirectJDKLog.java:173] .org.apache.juli.logging.DirectJDKLog log - Initializing Spring embedded WebApplicationContext
2021-07-05 11:08:32 INFO [restartedMain] o.s.b.w.s.c.ServletWebServerApplicationContext
                            [ServletWebServerApplicationContext.java:290] .org.springframework.boot.web.servlet.context.ServletWebServerApplicationContext prepareWebApplicationContext - Root WebApplicationContext: initialization completed in 1300 ms
2021-07-05 11:08:32 INFO [restartedMain] c.a.a.s.i.FileService
                            [FileService.java:55] .connect.as2.as2middleware.service.impl.FileService init - created folder C:/projects/conectar/as2/sisunet/data/toAny
2021-07-05 11:08:32 INFO [restartedMain] c.a.a.s.i.FileService
                            [FileService.java:55] .connect.as2.as2middleware.service.impl.FileService init - created folder C:/projects/conectar/as2/sisunet/data/toSeeburger
2021-07-05 11:08:33 INFO [restartedMain] o.s.b.a.e.w.EndpointLinksResolver
                            [EndpointLinksResolver.java:58] .org.springframework.boot.actuate.endpoint.web.EndpointLinksResolver <init> - Exposing 1 endpoint(s) beneath base path '/actuator'
2021-07-05 11:08:33 INFO [restartedMain] o.s.b.a.s.s.UserDetailsServiceAutoConfiguration
                            [UserDetailsServiceAutoConfiguration.java:86] .org.springframework.boot.autoconfigure.security.servlet.UserDetailsServiceAutoConfiguration getOrDeducePassword - 

Using generated security password: 7fe5d55f-4d84-44fa-ad73-fad43e2c234d

2021-07-05 11:08:33 INFO [restartedMain] o.s.s.w.DefaultSecurityFilterChain
                            [DefaultSecurityFilterChain.java:51] .org.springframework.security.web.DefaultSecurityFilterChain <init> - Will secure Ant [pattern='/websocket/**'] with []
2021-07-05 11:08:33 INFO [restartedMain] o.s.s.w.DefaultSecurityFilterChain
                            [DefaultSecurityFilterChain.java:51] .org.springframework.security.web.DefaultSecurityFilterChain <init> - Will secure Ant [pattern='/docs*'] with []
2021-07-05 11:08:33 INFO [restartedMain] o.s.s.w.DefaultSecurityFilterChain
                            [DefaultSecurityFilterChain.java:51] .org.springframework.security.web.DefaultSecurityFilterChain <init> - Will secure Ant [pattern='/api-docs'] with []
2021-07-05 11:08:33 INFO [restartedMain] o.s.s.w.DefaultSecurityFilterChain
                            [DefaultSecurityFilterChain.java:51] .org.springframework.security.web.DefaultSecurityFilterChain <init> - Will secure Ant [pattern='/api-docs.yaml'] with []
2021-07-05 11:08:33 INFO [restartedMain] o.s.s.w.DefaultSecurityFilterChain
                            [DefaultSecurityFilterChain.java:51] .org.springframework.security.web.DefaultSecurityFilterChain <init> - Will secure Ant [pattern='/v3/api-docs'] with []
2021-07-05 11:08:33 INFO [restartedMain] o.s.s.w.DefaultSecurityFilterChain
                            [DefaultSecurityFilterChain.java:51] .org.springframework.security.web.DefaultSecurityFilterChain <init> - Will secure Ant [pattern='/v3/api-docs.yaml'] with []
2021-07-05 11:08:33 INFO [restartedMain] o.s.s.w.DefaultSecurityFilterChain
                            [DefaultSecurityFilterChain.java:51] .org.springframework.security.web.DefaultSecurityFilterChain <init> - Will secure Ant [pattern='/v2/api-docs'] with []
2021-07-05 11:08:33 INFO [restartedMain] o.s.s.w.DefaultSecurityFilterChain
                            [DefaultSecurityFilterChain.java:51] .org.springframework.security.web.DefaultSecurityFilterChain <init> - Will secure Ant [pattern='/v2/api-docs.yaml'] with []
2021-07-05 11:08:33 INFO [restartedMain] o.s.s.w.DefaultSecurityFilterChain
                            [DefaultSecurityFilterChain.java:51] .org.springframework.security.web.DefaultSecurityFilterChain <init> - Will secure Ant [pattern='/configuration/ui'] with []
2021-07-05 11:08:33 INFO [restartedMain] o.s.s.w.DefaultSecurityFilterChain
                            [DefaultSecurityFilterChain.java:51] .org.springframework.security.web.DefaultSecurityFilterChain <init> - Will secure Ant [pattern='/swagger-resources/**'] with []
2021-07-05 11:08:33 INFO [restartedMain] o.s.s.w.DefaultSecurityFilterChain
                            [DefaultSecurityFilterChain.java:51] .org.springframework.security.web.DefaultSecurityFilterChain <init> - Will secure Ant [pattern='/configuration/security'] with []
2021-07-05 11:08:33 INFO [restartedMain] o.s.s.w.DefaultSecurityFilterChain
                            [DefaultSecurityFilterChain.java:51] .org.springframework.security.web.DefaultSecurityFilterChain <init> - Will secure Ant [pattern='/swagger-*'] with []
2021-07-05 11:08:33 INFO [restartedMain] o.s.s.w.DefaultSecurityFilterChain
                            [DefaultSecurityFilterChain.java:51] .org.springframework.security.web.DefaultSecurityFilterChain <init> - Will secure Ant [pattern='/swagger-ui.html'] with []
2021-07-05 11:08:33 INFO [restartedMain] o.s.s.w.DefaultSecurityFilterChain
                            [DefaultSecurityFilterChain.java:51] .org.springframework.security.web.DefaultSecurityFilterChain <init> - Will secure Ant [pattern='/swagger-ui.html*'] with []
2021-07-05 11:08:33 INFO [restartedMain] o.s.s.w.DefaultSecurityFilterChain
                            [DefaultSecurityFilterChain.java:51] .org.springframework.security.web.DefaultSecurityFilterChain <init> - Will secure Ant [pattern='/webjars/**'] with []
2021-07-05 11:08:33 INFO [restartedMain] o.s.s.w.DefaultSecurityFilterChain
                            [DefaultSecurityFilterChain.java:51] .org.springframework.security.web.DefaultSecurityFilterChain <init> - Will secure any request with [org.springframework.security.web.context.request.async.WebAsyncManagerIntegrationFilter@732e1d84, org.springframework.security.web.context.SecurityContextPersistenceFilter@45eeeafa, org.springframework.security.web.header.HeaderWriterFilter@731e5737, org.springframework.security.web.authentication.logout.LogoutFilter@8eccf94, org.springframework.security.web.savedrequest.RequestCacheAwareFilter@400017e3, org.springframework.security.web.servletapi.SecurityContextHolderAwareRequestFilter@26b2d3c5, org.springframework.security.web.authentication.AnonymousAuthenticationFilter@ff8c2f5, org.springframework.security.web.session.SessionManagementFilter@6d51767a, org.springframework.security.web.access.ExceptionTranslationFilter@78a3115c, org.springframework.security.web.access.intercept.FilterSecurityInterceptor@54b513ff]
2021-07-05 11:08:33 INFO [restartedMain] s.d.s.w.PropertySourcedRequestMappingHandlerMapping
                            [PropertySourcedRequestMappingHandlerMapping.java:69] .springfox.documentation.spring.web.PropertySourcedRequestMappingHandlerMapping initHandlerMethods - Mapped URL path [/v2/api-docs] onto method [springfox.documentation.swagger2.web.Swagger2Controller#getDocumentation(String, HttpServletRequest)]
2021-07-05 11:08:33 INFO [restartedMain] o.s.b.d.a.OptionalLiveReloadServer
                            [OptionalLiveReloadServer.java:58] .org.springframework.boot.devtools.autoconfigure.OptionalLiveReloadServer startServer - LiveReload server is running on port 35729
2021-07-05 11:08:33 INFO [restartedMain] o.a.c.h.Http11NioProtocol
                            [DirectJDKLog.java:173] .org.apache.juli.logging.DirectJDKLog log - Starting ProtocolHandler ["http-nio-9091"]
2021-07-05 11:08:33 INFO [restartedMain] o.s.b.w.e.t.TomcatWebServer
                            [TomcatWebServer.java:220] .org.springframework.boot.web.embedded.tomcat.TomcatWebServer start - Tomcat started on port(s): 9091 (http) with context path '/middleware'
2021-07-05 11:08:33 INFO [restartedMain] s.d.s.w.p.DocumentationPluginsBootstrapper
                            [DocumentationPluginsBootstrapper.java:160] .springfox.documentation.spring.web.plugins.DocumentationPluginsBootstrapper start - Context refreshed
2021-07-05 11:08:33 INFO [restartedMain] s.d.s.w.p.DocumentationPluginsBootstrapper
                            [DocumentationPluginsBootstrapper.java:163] .springfox.documentation.spring.web.plugins.DocumentationPluginsBootstrapper start - Found 1 custom documentation plugin(s)
2021-07-05 11:08:33 INFO [restartedMain] s.d.s.w.s.ApiListingReferenceScanner
                            [ApiListingReferenceScanner.java:41] .springfox.documentation.spring.web.scanners.ApiListingReferenceScanner scan - Scanning for api listing references
2021-07-05 11:08:33 INFO [restartedMain] s.d.s.w.r.o.CachingOperationNameGenerator
                            [CachingOperationNameGenerator.java:40] .springfox.documentation.spring.web.readers.operation.CachingOperationNameGenerator startingWith - Generating unique operation named: handleUsingGET_1
2021-07-05 11:08:33 INFO [restartedMain] c.a.a.As2MiddlewareApplication
                            [StartupInfoLogger.java:61] .org.springframework.boot.StartupInfoLogger logStarted - Started As2MiddlewareApplication in 2.775 seconds (JVM running for 4.026)
2021-07-05 11:08:33 INFO [restartedMain] o.s.b.a.ApplicationAvailabilityBean
                            [ApplicationAvailabilityBean.java:75] .org.springframework.boot.availability.ApplicationAvailabilityBean logStateChange - Application availability state LivenessState changed to CORRECT
2021-07-05 11:08:33 INFO [restartedMain] o.s.b.a.ApplicationAvailabilityBean
                            [ApplicationAvailabilityBean.java:75] .org.springframework.boot.availability.ApplicationAvailabilityBean logStateChange - Application availability state ReadinessState changed to ACCEPTING_TRAFFIC
2021-07-05 11:08:34 INFO [RMI TCP Connection(3)-172.22.0.1] o.a.c.c.C.[.[.[/middleware]
                            [DirectJDKLog.java:173] .org.apache.juli.logging.DirectJDKLog log - Initializing Spring DispatcherServlet 'dispatcherServlet'
2021-07-05 11:08:34 INFO [RMI TCP Connection(3)-172.22.0.1] o.s.w.s.DispatcherServlet
                            [FrameworkServlet.java:525] .org.springframework.web.servlet.FrameworkServlet initServletBean - Initializing Servlet 'dispatcherServlet'
2021-07-05 11:08:34 INFO [RMI TCP Connection(3)-172.22.0.1] o.s.w.s.DispatcherServlet
                            [FrameworkServlet.java:547] .org.springframework.web.servlet.FrameworkServlet initServletBean - Completed initialization in 0 ms
2021-07-05 11:11:18 WARN [http-nio-9091-exec-9] o.a.c.c.Request
                            [DirectJDKLog.java:173] .org.apache.juli.logging.DirectJDKLog log - Creating the temporary upload location [C:\Users\odina\AppData\Local\Temp\tomcat.9091.2238802896460745591\work\Tomcat\localhost\middleware\data] as it is required by the servlet [dispatcherServlet]
2021-07-05 12:03:10 INFO [restartedMain] c.a.a.As2MiddlewareApplication
                            [StartupInfoLogger.java:55] .org.springframework.boot.StartupInfoLogger logStarting - Starting As2MiddlewareApplication using Java 11.0.8 on odinaka with PID 5612 (C:\projects\conectar\as2-middleware\target\classes started by odinaka in C:\projects\conectar\as2-middleware)
2021-07-05 12:03:10 DEBUG [restartedMain] c.a.a.As2MiddlewareApplication
                            [StartupInfoLogger.java:56] .org.springframework.boot.StartupInfoLogger logStarting - Running with Spring Boot v2.5.0, Spring v5.3.7
2021-07-05 12:03:10 INFO [restartedMain] c.a.a.As2MiddlewareApplication
                            [SpringApplication.java:667] .org.springframework.boot.SpringApplication logStartupProfileInfo - The following profiles are active: dev
2021-07-05 12:03:10 INFO [restartedMain] o.s.b.d.e.DevToolsPropertyDefaultsPostProcessor
                            [DeferredLog.java:255] .org.springframework.boot.logging.DeferredLog logTo - Devtools property defaults active! Set 'spring.devtools.add-properties' to 'false' to disable
2021-07-05 12:03:10 INFO [restartedMain] o.s.b.d.e.DevToolsPropertyDefaultsPostProcessor
                            [DeferredLog.java:255] .org.springframework.boot.logging.DeferredLog logTo - For additional web related logging consider setting the 'logging.level.web' property to 'DEBUG'
2021-07-05 12:03:10 WARN [background-preinit] o.s.h.c.j.Jackson2ObjectMapperBuilder
                            [CompositeLog.java:127] .org.springframework.core.log.CompositeLog warn - For Jackson Kotlin classes support please add "com.fasterxml.jackson.module:jackson-module-kotlin" to the classpath
2021-07-05 12:03:11 INFO [restartedMain] o.s.c.s.PostProcessorRegistrationDelegate$BeanPostProcessorChecker
                            [PostProcessorRegistrationDelegate.java:376] .org.springframework.context.support.PostProcessorRegistrationDelegate$BeanPostProcessorChecker postProcessAfterInitialization - Bean 'org.springframework.security.access.expression.method.DefaultMethodSecurityExpressionHandler@74b949f4' of type [org.springframework.security.access.expression.method.DefaultMethodSecurityExpressionHandler] is not eligible for getting processed by all BeanPostProcessors (for example: not eligible for auto-proxying)
2021-07-05 12:03:11 INFO [restartedMain] o.s.c.s.PostProcessorRegistrationDelegate$BeanPostProcessorChecker
                            [PostProcessorRegistrationDelegate.java:376] .org.springframework.context.support.PostProcessorRegistrationDelegate$BeanPostProcessorChecker postProcessAfterInitialization - Bean 'methodSecurityMetadataSource' of type [org.springframework.security.access.method.DelegatingMethodSecurityMetadataSource] is not eligible for getting processed by all BeanPostProcessors (for example: not eligible for auto-proxying)
2021-07-05 12:03:11 INFO [restartedMain] o.s.b.w.e.t.TomcatWebServer
                            [TomcatWebServer.java:108] .org.springframework.boot.web.embedded.tomcat.TomcatWebServer initialize - Tomcat initialized with port(s): 9091 (http)
2021-07-05 12:03:11 INFO [restartedMain] o.a.c.h.Http11NioProtocol
                            [DirectJDKLog.java:173] .org.apache.juli.logging.DirectJDKLog log - Initializing ProtocolHandler ["http-nio-9091"]
2021-07-05 12:03:11 INFO [restartedMain] o.a.c.c.StandardService
                            [DirectJDKLog.java:173] .org.apache.juli.logging.DirectJDKLog log - Starting service [Tomcat]
2021-07-05 12:03:11 INFO [restartedMain] o.a.c.c.StandardEngine
                            [DirectJDKLog.java:173] .org.apache.juli.logging.DirectJDKLog log - Starting Servlet engine: [Apache Tomcat/9.0.46]
2021-07-05 12:03:11 INFO [restartedMain] o.a.c.c.C.[.[.[/middleware]
                            [DirectJDKLog.java:173] .org.apache.juli.logging.DirectJDKLog log - Initializing Spring embedded WebApplicationContext
2021-07-05 12:03:11 INFO [restartedMain] o.s.b.w.s.c.ServletWebServerApplicationContext
                            [ServletWebServerApplicationContext.java:290] .org.springframework.boot.web.servlet.context.ServletWebServerApplicationContext prepareWebApplicationContext - Root WebApplicationContext: initialization completed in 1131 ms
2021-07-05 12:03:12 INFO [restartedMain] c.a.a.s.i.FileService
                            [FileService.java:55] .connect.as2.as2middleware.service.impl.FileService init - created folder C:/projects/conectar/as2/sisunet/data/toAny
2021-07-05 12:03:12 INFO [restartedMain] c.a.a.s.i.FileService
                            [FileService.java:55] .connect.as2.as2middleware.service.impl.FileService init - created folder C:/projects/conectar/as2/sisunet/data/toSeeburger
2021-07-05 12:03:12 INFO [restartedMain] o.s.b.a.e.w.EndpointLinksResolver
                            [EndpointLinksResolver.java:58] .org.springframework.boot.actuate.endpoint.web.EndpointLinksResolver <init> - Exposing 1 endpoint(s) beneath base path '/actuator'
2021-07-05 12:03:12 INFO [restartedMain] o.s.b.a.s.s.UserDetailsServiceAutoConfiguration
                            [UserDetailsServiceAutoConfiguration.java:86] .org.springframework.boot.autoconfigure.security.servlet.UserDetailsServiceAutoConfiguration getOrDeducePassword - 

Using generated security password: 94eece01-61d6-44e9-8693-771940dd2585

2021-07-05 12:03:12 INFO [restartedMain] o.s.s.w.DefaultSecurityFilterChain
                            [DefaultSecurityFilterChain.java:51] .org.springframework.security.web.DefaultSecurityFilterChain <init> - Will secure Ant [pattern='/websocket/**'] with []
2021-07-05 12:03:12 INFO [restartedMain] o.s.s.w.DefaultSecurityFilterChain
                            [DefaultSecurityFilterChain.java:51] .org.springframework.security.web.DefaultSecurityFilterChain <init> - Will secure Ant [pattern='/docs*'] with []
2021-07-05 12:03:12 INFO [restartedMain] o.s.s.w.DefaultSecurityFilterChain
                            [DefaultSecurityFilterChain.java:51] .org.springframework.security.web.DefaultSecurityFilterChain <init> - Will secure Ant [pattern='/api-docs'] with []
2021-07-05 12:03:12 INFO [restartedMain] o.s.s.w.DefaultSecurityFilterChain
                            [DefaultSecurityFilterChain.java:51] .org.springframework.security.web.DefaultSecurityFilterChain <init> - Will secure Ant [pattern='/api-docs.yaml'] with []
2021-07-05 12:03:12 INFO [restartedMain] o.s.s.w.DefaultSecurityFilterChain
                            [DefaultSecurityFilterChain.java:51] .org.springframework.security.web.DefaultSecurityFilterChain <init> - Will secure Ant [pattern='/v3/api-docs'] with []
2021-07-05 12:03:12 INFO [restartedMain] o.s.s.w.DefaultSecurityFilterChain
                            [DefaultSecurityFilterChain.java:51] .org.springframework.security.web.DefaultSecurityFilterChain <init> - Will secure Ant [pattern='/v3/api-docs.yaml'] with []
2021-07-05 12:03:12 INFO [restartedMain] o.s.s.w.DefaultSecurityFilterChain
                            [DefaultSecurityFilterChain.java:51] .org.springframework.security.web.DefaultSecurityFilterChain <init> - Will secure Ant [pattern='/v2/api-docs'] with []
2021-07-05 12:03:12 INFO [restartedMain] o.s.s.w.DefaultSecurityFilterChain
                            [DefaultSecurityFilterChain.java:51] .org.springframework.security.web.DefaultSecurityFilterChain <init> - Will secure Ant [pattern='/v2/api-docs.yaml'] with []
2021-07-05 12:03:12 INFO [restartedMain] o.s.s.w.DefaultSecurityFilterChain
                            [DefaultSecurityFilterChain.java:51] .org.springframework.security.web.DefaultSecurityFilterChain <init> - Will secure Ant [pattern='/configuration/ui'] with []
2021-07-05 12:03:12 INFO [restartedMain] o.s.s.w.DefaultSecurityFilterChain
                            [DefaultSecurityFilterChain.java:51] .org.springframework.security.web.DefaultSecurityFilterChain <init> - Will secure Ant [pattern='/swagger-resources/**'] with []
2021-07-05 12:03:12 INFO [restartedMain] o.s.s.w.DefaultSecurityFilterChain
                            [DefaultSecurityFilterChain.java:51] .org.springframework.security.web.DefaultSecurityFilterChain <init> - Will secure Ant [pattern='/configuration/security'] with []
2021-07-05 12:03:12 INFO [restartedMain] o.s.s.w.DefaultSecurityFilterChain
                            [DefaultSecurityFilterChain.java:51] .org.springframework.security.web.DefaultSecurityFilterChain <init> - Will secure Ant [pattern='/swagger-*'] with []
2021-07-05 12:03:12 INFO [restartedMain] o.s.s.w.DefaultSecurityFilterChain
                            [DefaultSecurityFilterChain.java:51] .org.springframework.security.web.DefaultSecurityFilterChain <init> - Will secure Ant [pattern='/swagger-ui.html'] with []
2021-07-05 12:03:12 INFO [restartedMain] o.s.s.w.DefaultSecurityFilterChain
                            [DefaultSecurityFilterChain.java:51] .org.springframework.security.web.DefaultSecurityFilterChain <init> - Will secure Ant [pattern='/swagger-ui.html*'] with []
2021-07-05 12:03:12 INFO [restartedMain] o.s.s.w.DefaultSecurityFilterChain
                            [DefaultSecurityFilterChain.java:51] .org.springframework.security.web.DefaultSecurityFilterChain <init> - Will secure Ant [pattern='/webjars/**'] with []
2021-07-05 12:03:12 INFO [restartedMain] o.s.s.w.DefaultSecurityFilterChain
                            [DefaultSecurityFilterChain.java:51] .org.springframework.security.web.DefaultSecurityFilterChain <init> - Will secure any request with [org.springframework.security.web.context.request.async.WebAsyncManagerIntegrationFilter@9203073, org.springframework.security.web.context.SecurityContextPersistenceFilter@57a25dcb, org.springframework.security.web.header.HeaderWriterFilter@272f0380, org.springframework.security.web.authentication.logout.LogoutFilter@c6ef0db, org.springframework.security.web.savedrequest.RequestCacheAwareFilter@40f77659, org.springframework.security.web.servletapi.SecurityContextHolderAwareRequestFilter@507bbfd9, org.springframework.security.web.authentication.AnonymousAuthenticationFilter@4db930c3, org.springframework.security.web.session.SessionManagementFilter@dfd1c0b, org.springframework.security.web.access.ExceptionTranslationFilter@34c8e45c, org.springframework.security.web.access.intercept.FilterSecurityInterceptor@383f9c48]
2021-07-05 12:03:12 INFO [restartedMain] s.d.s.w.PropertySourcedRequestMappingHandlerMapping
                            [PropertySourcedRequestMappingHandlerMapping.java:69] .springfox.documentation.spring.web.PropertySourcedRequestMappingHandlerMapping initHandlerMethods - Mapped URL path [/v2/api-docs] onto method [springfox.documentation.swagger2.web.Swagger2Controller#getDocumentation(String, HttpServletRequest)]
2021-07-05 12:03:12 INFO [restartedMain] o.s.b.d.a.OptionalLiveReloadServer
                            [OptionalLiveReloadServer.java:58] .org.springframework.boot.devtools.autoconfigure.OptionalLiveReloadServer startServer - LiveReload server is running on port 35729
2021-07-05 12:03:12 INFO [restartedMain] o.a.c.h.Http11NioProtocol
                            [DirectJDKLog.java:173] .org.apache.juli.logging.DirectJDKLog log - Starting ProtocolHandler ["http-nio-9091"]
2021-07-05 12:03:12 INFO [restartedMain] o.s.b.w.e.t.TomcatWebServer
                            [TomcatWebServer.java:220] .org.springframework.boot.web.embedded.tomcat.TomcatWebServer start - Tomcat started on port(s): 9091 (http) with context path '/middleware'
2021-07-05 12:03:12 INFO [restartedMain] s.d.s.w.p.DocumentationPluginsBootstrapper
                            [DocumentationPluginsBootstrapper.java:160] .springfox.documentation.spring.web.plugins.DocumentationPluginsBootstrapper start - Context refreshed
2021-07-05 12:03:12 INFO [restartedMain] s.d.s.w.p.DocumentationPluginsBootstrapper
                            [DocumentationPluginsBootstrapper.java:163] .springfox.documentation.spring.web.plugins.DocumentationPluginsBootstrapper start - Found 1 custom documentation plugin(s)
2021-07-05 12:03:12 INFO [restartedMain] s.d.s.w.s.ApiListingReferenceScanner
                            [ApiListingReferenceScanner.java:41] .springfox.documentation.spring.web.scanners.ApiListingReferenceScanner scan - Scanning for api listing references
2021-07-05 12:03:12 INFO [restartedMain] s.d.s.w.r.o.CachingOperationNameGenerator
                            [CachingOperationNameGenerator.java:40] .springfox.documentation.spring.web.readers.operation.CachingOperationNameGenerator startingWith - Generating unique operation named: handleUsingGET_1
2021-07-05 12:03:12 INFO [restartedMain] c.a.a.As2MiddlewareApplication
                            [StartupInfoLogger.java:61] .org.springframework.boot.StartupInfoLogger logStarted - Started As2MiddlewareApplication in 2.458 seconds (JVM running for 3.469)
2021-07-05 12:03:12 INFO [restartedMain] o.s.b.a.ApplicationAvailabilityBean
                            [ApplicationAvailabilityBean.java:75] .org.springframework.boot.availability.ApplicationAvailabilityBean logStateChange - Application availability state LivenessState changed to CORRECT
2021-07-05 12:03:12 INFO [restartedMain] o.s.b.a.ApplicationAvailabilityBean
                            [ApplicationAvailabilityBean.java:75] .org.springframework.boot.availability.ApplicationAvailabilityBean logStateChange - Application availability state ReadinessState changed to ACCEPTING_TRAFFIC
2021-07-05 12:03:13 INFO [RMI TCP Connection(3)-172.22.0.1] o.a.c.c.C.[.[.[/middleware]
                            [DirectJDKLog.java:173] .org.apache.juli.logging.DirectJDKLog log - Initializing Spring DispatcherServlet 'dispatcherServlet'
2021-07-05 12:03:13 INFO [RMI TCP Connection(3)-172.22.0.1] o.s.w.s.DispatcherServlet
                            [FrameworkServlet.java:525] .org.springframework.web.servlet.FrameworkServlet initServletBean - Initializing Servlet 'dispatcherServlet'
2021-07-05 12:03:13 INFO [RMI TCP Connection(3)-172.22.0.1] o.s.w.s.DispatcherServlet
                            [FrameworkServlet.java:547] .org.springframework.web.servlet.FrameworkServlet initServletBean - Completed initialization in 1 ms
2021-07-05 12:09:09 WARN [http-nio-9091-exec-1] o.a.c.c.Request
                            [DirectJDKLog.java:173] .org.apache.juli.logging.DirectJDKLog log - Creating the temporary upload location [C:\Users\odina\AppData\Local\Temp\tomcat.9091.16871518280850938841\work\Tomcat\localhost\middleware\data] as it is required by the servlet [dispatcherServlet]
2021-07-05 12:57:07 INFO [restartedMain] c.a.a.As2MiddlewareApplication
                            [StartupInfoLogger.java:55] .org.springframework.boot.StartupInfoLogger logStarting - Starting As2MiddlewareApplication using Java 11.0.8 on odinaka with PID 6916 (C:\projects\conectar\as2-middleware\target\classes started by odinaka in C:\projects\conectar\as2-middleware)
2021-07-05 12:57:07 DEBUG [restartedMain] c.a.a.As2MiddlewareApplication
                            [StartupInfoLogger.java:56] .org.springframework.boot.StartupInfoLogger logStarting - Running with Spring Boot v2.5.0, Spring v5.3.7
2021-07-05 12:57:07 INFO [restartedMain] c.a.a.As2MiddlewareApplication
                            [SpringApplication.java:667] .org.springframework.boot.SpringApplication logStartupProfileInfo - The following profiles are active: dev
2021-07-05 12:57:07 INFO [restartedMain] o.s.b.d.e.DevToolsPropertyDefaultsPostProcessor
                            [DeferredLog.java:255] .org.springframework.boot.logging.DeferredLog logTo - Devtools property defaults active! Set 'spring.devtools.add-properties' to 'false' to disable
2021-07-05 12:57:07 INFO [restartedMain] o.s.b.d.e.DevToolsPropertyDefaultsPostProcessor
                            [DeferredLog.java:255] .org.springframework.boot.logging.DeferredLog logTo - For additional web related logging consider setting the 'logging.level.web' property to 'DEBUG'
2021-07-05 12:57:07 WARN [background-preinit] o.s.h.c.j.Jackson2ObjectMapperBuilder
                            [CompositeLog.java:127] .org.springframework.core.log.CompositeLog warn - For Jackson Kotlin classes support please add "com.fasterxml.jackson.module:jackson-module-kotlin" to the classpath
2021-07-05 12:57:08 INFO [restartedMain] o.s.c.s.PostProcessorRegistrationDelegate$BeanPostProcessorChecker
                            [PostProcessorRegistrationDelegate.java:376] .org.springframework.context.support.PostProcessorRegistrationDelegate$BeanPostProcessorChecker postProcessAfterInitialization - Bean 'org.springframework.security.access.expression.method.DefaultMethodSecurityExpressionHandler@26d53641' of type [org.springframework.security.access.expression.method.DefaultMethodSecurityExpressionHandler] is not eligible for getting processed by all BeanPostProcessors (for example: not eligible for auto-proxying)
2021-07-05 12:57:08 INFO [restartedMain] o.s.c.s.PostProcessorRegistrationDelegate$BeanPostProcessorChecker
                            [PostProcessorRegistrationDelegate.java:376] .org.springframework.context.support.PostProcessorRegistrationDelegate$BeanPostProcessorChecker postProcessAfterInitialization - Bean 'methodSecurityMetadataSource' of type [org.springframework.security.access.method.DelegatingMethodSecurityMetadataSource] is not eligible for getting processed by all BeanPostProcessors (for example: not eligible for auto-proxying)
2021-07-05 12:57:08 INFO [restartedMain] o.s.b.w.e.t.TomcatWebServer
                            [TomcatWebServer.java:108] .org.springframework.boot.web.embedded.tomcat.TomcatWebServer initialize - Tomcat initialized with port(s): 9091 (http)
2021-07-05 12:57:08 INFO [restartedMain] o.a.c.h.Http11NioProtocol
                            [DirectJDKLog.java:173] .org.apache.juli.logging.DirectJDKLog log - Initializing ProtocolHandler ["http-nio-9091"]
2021-07-05 12:57:08 INFO [restartedMain] o.a.c.c.StandardService
                            [DirectJDKLog.java:173] .org.apache.juli.logging.DirectJDKLog log - Starting service [Tomcat]
2021-07-05 12:57:08 INFO [restartedMain] o.a.c.c.StandardEngine
                            [DirectJDKLog.java:173] .org.apache.juli.logging.DirectJDKLog log - Starting Servlet engine: [Apache Tomcat/9.0.46]
2021-07-05 12:57:08 INFO [restartedMain] o.a.c.c.C.[.[.[/middleware]
                            [DirectJDKLog.java:173] .org.apache.juli.logging.DirectJDKLog log - Initializing Spring embedded WebApplicationContext
2021-07-05 12:57:08 INFO [restartedMain] o.s.b.w.s.c.ServletWebServerApplicationContext
                            [ServletWebServerApplicationContext.java:290] .org.springframework.boot.web.servlet.context.ServletWebServerApplicationContext prepareWebApplicationContext - Root WebApplicationContext: initialization completed in 1387 ms
2021-07-05 12:57:08 INFO [restartedMain] c.a.a.s.i.FileService
                            [FileService.java:55] .connect.as2.as2middleware.service.impl.FileService init - created folder C:/projects/conectar/as2/sisunet/data/toAny
2021-07-05 12:57:08 INFO [restartedMain] c.a.a.s.i.FileService
                            [FileService.java:55] .connect.as2.as2middleware.service.impl.FileService init - created folder C:/projects/conectar/as2/sisunet/data/toSeeburger
2021-07-05 12:57:09 INFO [restartedMain] o.s.b.a.e.w.EndpointLinksResolver
                            [EndpointLinksResolver.java:58] .org.springframework.boot.actuate.endpoint.web.EndpointLinksResolver <init> - Exposing 1 endpoint(s) beneath base path '/actuator'
2021-07-05 12:57:09 INFO [restartedMain] o.s.b.a.s.s.UserDetailsServiceAutoConfiguration
                            [UserDetailsServiceAutoConfiguration.java:86] .org.springframework.boot.autoconfigure.security.servlet.UserDetailsServiceAutoConfiguration getOrDeducePassword - 

Using generated security password: 167d1a30-9d84-48d2-98c8-12615880ac4a

2021-07-05 12:57:09 INFO [restartedMain] o.s.s.w.DefaultSecurityFilterChain
                            [DefaultSecurityFilterChain.java:51] .org.springframework.security.web.DefaultSecurityFilterChain <init> - Will secure Ant [pattern='/websocket/**'] with []
2021-07-05 12:57:09 INFO [restartedMain] o.s.s.w.DefaultSecurityFilterChain
                            [DefaultSecurityFilterChain.java:51] .org.springframework.security.web.DefaultSecurityFilterChain <init> - Will secure Ant [pattern='/docs*'] with []
2021-07-05 12:57:09 INFO [restartedMain] o.s.s.w.DefaultSecurityFilterChain
                            [DefaultSecurityFilterChain.java:51] .org.springframework.security.web.DefaultSecurityFilterChain <init> - Will secure Ant [pattern='/api-docs'] with []
2021-07-05 12:57:09 INFO [restartedMain] o.s.s.w.DefaultSecurityFilterChain
                            [DefaultSecurityFilterChain.java:51] .org.springframework.security.web.DefaultSecurityFilterChain <init> - Will secure Ant [pattern='/api-docs.yaml'] with []
2021-07-05 12:57:09 INFO [restartedMain] o.s.s.w.DefaultSecurityFilterChain
                            [DefaultSecurityFilterChain.java:51] .org.springframework.security.web.DefaultSecurityFilterChain <init> - Will secure Ant [pattern='/v3/api-docs'] with []
2021-07-05 12:57:09 INFO [restartedMain] o.s.s.w.DefaultSecurityFilterChain
                            [DefaultSecurityFilterChain.java:51] .org.springframework.security.web.DefaultSecurityFilterChain <init> - Will secure Ant [pattern='/v3/api-docs.yaml'] with []
2021-07-05 12:57:09 INFO [restartedMain] o.s.s.w.DefaultSecurityFilterChain
                            [DefaultSecurityFilterChain.java:51] .org.springframework.security.web.DefaultSecurityFilterChain <init> - Will secure Ant [pattern='/v2/api-docs'] with []
2021-07-05 12:57:09 INFO [restartedMain] o.s.s.w.DefaultSecurityFilterChain
                            [DefaultSecurityFilterChain.java:51] .org.springframework.security.web.DefaultSecurityFilterChain <init> - Will secure Ant [pattern='/v2/api-docs.yaml'] with []
2021-07-05 12:57:09 INFO [restartedMain] o.s.s.w.DefaultSecurityFilterChain
                            [DefaultSecurityFilterChain.java:51] .org.springframework.security.web.DefaultSecurityFilterChain <init> - Will secure Ant [pattern='/configuration/ui'] with []
2021-07-05 12:57:09 INFO [restartedMain] o.s.s.w.DefaultSecurityFilterChain
                            [DefaultSecurityFilterChain.java:51] .org.springframework.security.web.DefaultSecurityFilterChain <init> - Will secure Ant [pattern='/swagger-resources/**'] with []
2021-07-05 12:57:09 INFO [restartedMain] o.s.s.w.DefaultSecurityFilterChain
                            [DefaultSecurityFilterChain.java:51] .org.springframework.security.web.DefaultSecurityFilterChain <init> - Will secure Ant [pattern='/configuration/security'] with []
2021-07-05 12:57:09 INFO [restartedMain] o.s.s.w.DefaultSecurityFilterChain
                            [DefaultSecurityFilterChain.java:51] .org.springframework.security.web.DefaultSecurityFilterChain <init> - Will secure Ant [pattern='/swagger-*'] with []
2021-07-05 12:57:09 INFO [restartedMain] o.s.s.w.DefaultSecurityFilterChain
                            [DefaultSecurityFilterChain.java:51] .org.springframework.security.web.DefaultSecurityFilterChain <init> - Will secure Ant [pattern='/swagger-ui.html'] with []
2021-07-05 12:57:09 INFO [restartedMain] o.s.s.w.DefaultSecurityFilterChain
                            [DefaultSecurityFilterChain.java:51] .org.springframework.security.web.DefaultSecurityFilterChain <init> - Will secure Ant [pattern='/swagger-ui.html*'] with []
2021-07-05 12:57:09 INFO [restartedMain] o.s.s.w.DefaultSecurityFilterChain
                            [DefaultSecurityFilterChain.java:51] .org.springframework.security.web.DefaultSecurityFilterChain <init> - Will secure Ant [pattern='/webjars/**'] with []
2021-07-05 12:57:09 INFO [restartedMain] o.s.s.w.DefaultSecurityFilterChain
                            [DefaultSecurityFilterChain.java:51] .org.springframework.security.web.DefaultSecurityFilterChain <init> - Will secure any request with [org.springframework.security.web.context.request.async.WebAsyncManagerIntegrationFilter@1e6b96f5, org.springframework.security.web.context.SecurityContextPersistenceFilter@728d2a6, org.springframework.security.web.header.HeaderWriterFilter@26e11209, org.springframework.security.web.authentication.logout.LogoutFilter@2992da9c, org.springframework.security.web.savedrequest.RequestCacheAwareFilter@2de0c3b7, org.springframework.security.web.servletapi.SecurityContextHolderAwareRequestFilter@529c8aac, org.springframework.security.web.authentication.AnonymousAuthenticationFilter@2aaf1256, org.springframework.security.web.session.SessionManagementFilter@2d537f80, org.springframework.security.web.access.ExceptionTranslationFilter@771c269, org.springframework.security.web.access.intercept.FilterSecurityInterceptor@7108bf19]
2021-07-05 12:57:09 INFO [restartedMain] s.d.s.w.PropertySourcedRequestMappingHandlerMapping
                            [PropertySourcedRequestMappingHandlerMapping.java:69] .springfox.documentation.spring.web.PropertySourcedRequestMappingHandlerMapping initHandlerMethods - Mapped URL path [/v2/api-docs] onto method [springfox.documentation.swagger2.web.Swagger2Controller#getDocumentation(String, HttpServletRequest)]
2021-07-05 12:57:09 INFO [restartedMain] o.s.b.d.a.OptionalLiveReloadServer
                            [OptionalLiveReloadServer.java:58] .org.springframework.boot.devtools.autoconfigure.OptionalLiveReloadServer startServer - LiveReload server is running on port 35729
2021-07-05 12:57:09 INFO [restartedMain] o.a.c.h.Http11NioProtocol
                            [DirectJDKLog.java:173] .org.apache.juli.logging.DirectJDKLog log - Starting ProtocolHandler ["http-nio-9091"]
2021-07-05 12:57:09 INFO [restartedMain] o.s.b.w.e.t.TomcatWebServer
                            [TomcatWebServer.java:220] .org.springframework.boot.web.embedded.tomcat.TomcatWebServer start - Tomcat started on port(s): 9091 (http) with context path '/middleware'
2021-07-05 12:57:09 INFO [restartedMain] s.d.s.w.p.DocumentationPluginsBootstrapper
                            [DocumentationPluginsBootstrapper.java:160] .springfox.documentation.spring.web.plugins.DocumentationPluginsBootstrapper start - Context refreshed
2021-07-05 12:57:09 INFO [restartedMain] s.d.s.w.p.DocumentationPluginsBootstrapper
                            [DocumentationPluginsBootstrapper.java:163] .springfox.documentation.spring.web.plugins.DocumentationPluginsBootstrapper start - Found 1 custom documentation plugin(s)
2021-07-05 12:57:09 INFO [restartedMain] s.d.s.w.s.ApiListingReferenceScanner
                            [ApiListingReferenceScanner.java:41] .springfox.documentation.spring.web.scanners.ApiListingReferenceScanner scan - Scanning for api listing references
2021-07-05 12:57:09 INFO [restartedMain] s.d.s.w.r.o.CachingOperationNameGenerator
                            [CachingOperationNameGenerator.java:40] .springfox.documentation.spring.web.readers.operation.CachingOperationNameGenerator startingWith - Generating unique operation named: handleUsingGET_1
2021-07-05 12:57:09 INFO [restartedMain] c.a.a.As2MiddlewareApplication
                            [StartupInfoLogger.java:61] .org.springframework.boot.StartupInfoLogger logStarted - Started As2MiddlewareApplication in 3.02 seconds (JVM running for 4.172)
2021-07-05 12:57:09 INFO [restartedMain] o.s.b.a.ApplicationAvailabilityBean
                            [ApplicationAvailabilityBean.java:75] .org.springframework.boot.availability.ApplicationAvailabilityBean logStateChange - Application availability state LivenessState changed to CORRECT
2021-07-05 12:57:09 INFO [restartedMain] o.s.b.a.ApplicationAvailabilityBean
                            [ApplicationAvailabilityBean.java:75] .org.springframework.boot.availability.ApplicationAvailabilityBean logStateChange - Application availability state ReadinessState changed to ACCEPTING_TRAFFIC
2021-07-05 12:57:10 INFO [RMI TCP Connection(5)-172.19.48.1] o.a.c.c.C.[.[.[/middleware]
                            [DirectJDKLog.java:173] .org.apache.juli.logging.DirectJDKLog log - Initializing Spring DispatcherServlet 'dispatcherServlet'
2021-07-05 12:57:10 INFO [RMI TCP Connection(5)-172.19.48.1] o.s.w.s.DispatcherServlet
                            [FrameworkServlet.java:525] .org.springframework.web.servlet.FrameworkServlet initServletBean - Initializing Servlet 'dispatcherServlet'
2021-07-05 12:57:10 INFO [RMI TCP Connection(5)-172.19.48.1] o.s.w.s.DispatcherServlet
                            [FrameworkServlet.java:547] .org.springframework.web.servlet.FrameworkServlet initServletBean - Completed initialization in 1 ms
2021-07-05 13:07:21 WARN [http-nio-9091-exec-7] o.a.c.c.Request
                            [DirectJDKLog.java:173] .org.apache.juli.logging.DirectJDKLog log - Creating the temporary upload location [C:\Users\odina\AppData\Local\Temp\tomcat.9091.13876363993073536757\work\Tomcat\localhost\middleware\data] as it is required by the servlet [dispatcherServlet]
2021-07-05 16:27:33 INFO [restartedMain] c.a.a.As2MiddlewareApplication
                            [StartupInfoLogger.java:55] .org.springframework.boot.StartupInfoLogger logStarting - Starting As2MiddlewareApplication using Java 11.0.8 on odinaka with PID 2212 (C:\projects\conectar\as2-middleware\target\classes started by odinaka in C:\projects\conectar\as2-middleware)
2021-07-05 16:27:33 DEBUG [restartedMain] c.a.a.As2MiddlewareApplication
                            [StartupInfoLogger.java:56] .org.springframework.boot.StartupInfoLogger logStarting - Running with Spring Boot v2.5.0, Spring v5.3.7
2021-07-05 16:27:33 INFO [restartedMain] c.a.a.As2MiddlewareApplication
                            [SpringApplication.java:667] .org.springframework.boot.SpringApplication logStartupProfileInfo - The following profiles are active: dev
2021-07-05 16:27:33 INFO [restartedMain] o.s.b.d.e.DevToolsPropertyDefaultsPostProcessor
                            [DeferredLog.java:255] .org.springframework.boot.logging.DeferredLog logTo - Devtools property defaults active! Set 'spring.devtools.add-properties' to 'false' to disable
2021-07-05 16:27:33 INFO [restartedMain] o.s.b.d.e.DevToolsPropertyDefaultsPostProcessor
                            [DeferredLog.java:255] .org.springframework.boot.logging.DeferredLog logTo - For additional web related logging consider setting the 'logging.level.web' property to 'DEBUG'
2021-07-05 16:27:33 WARN [background-preinit] o.s.h.c.j.Jackson2ObjectMapperBuilder
                            [CompositeLog.java:127] .org.springframework.core.log.CompositeLog warn - For Jackson Kotlin classes support please add "com.fasterxml.jackson.module:jackson-module-kotlin" to the classpath
2021-07-05 16:27:34 INFO [restartedMain] o.s.c.s.PostProcessorRegistrationDelegate$BeanPostProcessorChecker
                            [PostProcessorRegistrationDelegate.java:376] .org.springframework.context.support.PostProcessorRegistrationDelegate$BeanPostProcessorChecker postProcessAfterInitialization - Bean 'org.springframework.security.access.expression.method.DefaultMethodSecurityExpressionHandler@4d83088e' of type [org.springframework.security.access.expression.method.DefaultMethodSecurityExpressionHandler] is not eligible for getting processed by all BeanPostProcessors (for example: not eligible for auto-proxying)
2021-07-05 16:27:34 INFO [restartedMain] o.s.c.s.PostProcessorRegistrationDelegate$BeanPostProcessorChecker
                            [PostProcessorRegistrationDelegate.java:376] .org.springframework.context.support.PostProcessorRegistrationDelegate$BeanPostProcessorChecker postProcessAfterInitialization - Bean 'methodSecurityMetadataSource' of type [org.springframework.security.access.method.DelegatingMethodSecurityMetadataSource] is not eligible for getting processed by all BeanPostProcessors (for example: not eligible for auto-proxying)
2021-07-05 16:27:34 INFO [restartedMain] o.s.b.w.e.t.TomcatWebServer
                            [TomcatWebServer.java:108] .org.springframework.boot.web.embedded.tomcat.TomcatWebServer initialize - Tomcat initialized with port(s): 9091 (http)
2021-07-05 16:27:34 INFO [restartedMain] o.a.c.h.Http11NioProtocol
                            [DirectJDKLog.java:173] .org.apache.juli.logging.DirectJDKLog log - Initializing ProtocolHandler ["http-nio-9091"]
2021-07-05 16:27:34 INFO [restartedMain] o.a.c.c.StandardService
                            [DirectJDKLog.java:173] .org.apache.juli.logging.DirectJDKLog log - Starting service [Tomcat]
2021-07-05 16:27:34 INFO [restartedMain] o.a.c.c.StandardEngine
                            [DirectJDKLog.java:173] .org.apache.juli.logging.DirectJDKLog log - Starting Servlet engine: [Apache Tomcat/9.0.46]
2021-07-05 16:27:34 INFO [restartedMain] o.a.c.c.C.[.[.[/middleware]
                            [DirectJDKLog.java:173] .org.apache.juli.logging.DirectJDKLog log - Initializing Spring embedded WebApplicationContext
2021-07-05 16:27:34 INFO [restartedMain] o.s.b.w.s.c.ServletWebServerApplicationContext
                            [ServletWebServerApplicationContext.java:290] .org.springframework.boot.web.servlet.context.ServletWebServerApplicationContext prepareWebApplicationContext - Root WebApplicationContext: initialization completed in 1260 ms
2021-07-05 16:27:35 INFO [restartedMain] c.a.a.s.i.FileService
                            [FileService.java:55] .connect.as2.as2middleware.service.impl.FileService init - created folder C:/projects/conectar/as2/sisunet/data/toAny
2021-07-05 16:27:35 INFO [restartedMain] c.a.a.s.i.FileService
                            [FileService.java:55] .connect.as2.as2middleware.service.impl.FileService init - created folder C:/projects/conectar/as2/sisunet/data/toSeeburger
2021-07-05 16:27:35 INFO [restartedMain] o.s.b.a.e.w.EndpointLinksResolver
                            [EndpointLinksResolver.java:58] .org.springframework.boot.actuate.endpoint.web.EndpointLinksResolver <init> - Exposing 1 endpoint(s) beneath base path '/actuator'
2021-07-05 16:27:35 INFO [restartedMain] o.s.b.a.s.s.UserDetailsServiceAutoConfiguration
                            [UserDetailsServiceAutoConfiguration.java:86] .org.springframework.boot.autoconfigure.security.servlet.UserDetailsServiceAutoConfiguration getOrDeducePassword - 

Using generated security password: a7778b85-0e3c-48be-9230-59ff9079019c

2021-07-05 16:27:35 INFO [restartedMain] o.s.s.w.DefaultSecurityFilterChain
                            [DefaultSecurityFilterChain.java:51] .org.springframework.security.web.DefaultSecurityFilterChain <init> - Will secure Ant [pattern='/websocket/**'] with []
2021-07-05 16:27:35 INFO [restartedMain] o.s.s.w.DefaultSecurityFilterChain
                            [DefaultSecurityFilterChain.java:51] .org.springframework.security.web.DefaultSecurityFilterChain <init> - Will secure Ant [pattern='/docs*'] with []
2021-07-05 16:27:35 INFO [restartedMain] o.s.s.w.DefaultSecurityFilterChain
                            [DefaultSecurityFilterChain.java:51] .org.springframework.security.web.DefaultSecurityFilterChain <init> - Will secure Ant [pattern='/api-docs'] with []
2021-07-05 16:27:35 INFO [restartedMain] o.s.s.w.DefaultSecurityFilterChain
                            [DefaultSecurityFilterChain.java:51] .org.springframework.security.web.DefaultSecurityFilterChain <init> - Will secure Ant [pattern='/api-docs.yaml'] with []
2021-07-05 16:27:35 INFO [restartedMain] o.s.s.w.DefaultSecurityFilterChain
                            [DefaultSecurityFilterChain.java:51] .org.springframework.security.web.DefaultSecurityFilterChain <init> - Will secure Ant [pattern='/v3/api-docs'] with []
2021-07-05 16:27:35 INFO [restartedMain] o.s.s.w.DefaultSecurityFilterChain
                            [DefaultSecurityFilterChain.java:51] .org.springframework.security.web.DefaultSecurityFilterChain <init> - Will secure Ant [pattern='/v3/api-docs.yaml'] with []
2021-07-05 16:27:35 INFO [restartedMain] o.s.s.w.DefaultSecurityFilterChain
                            [DefaultSecurityFilterChain.java:51] .org.springframework.security.web.DefaultSecurityFilterChain <init> - Will secure Ant [pattern='/v2/api-docs'] with []
2021-07-05 16:27:35 INFO [restartedMain] o.s.s.w.DefaultSecurityFilterChain
                            [DefaultSecurityFilterChain.java:51] .org.springframework.security.web.DefaultSecurityFilterChain <init> - Will secure Ant [pattern='/v2/api-docs.yaml'] with []
2021-07-05 16:27:35 INFO [restartedMain] o.s.s.w.DefaultSecurityFilterChain
                            [DefaultSecurityFilterChain.java:51] .org.springframework.security.web.DefaultSecurityFilterChain <init> - Will secure Ant [pattern='/configuration/ui'] with []
2021-07-05 16:27:35 INFO [restartedMain] o.s.s.w.DefaultSecurityFilterChain
                            [DefaultSecurityFilterChain.java:51] .org.springframework.security.web.DefaultSecurityFilterChain <init> - Will secure Ant [pattern='/swagger-resources/**'] with []
2021-07-05 16:27:35 INFO [restartedMain] o.s.s.w.DefaultSecurityFilterChain
                            [DefaultSecurityFilterChain.java:51] .org.springframework.security.web.DefaultSecurityFilterChain <init> - Will secure Ant [pattern='/configuration/security'] with []
2021-07-05 16:27:35 INFO [restartedMain] o.s.s.w.DefaultSecurityFilterChain
                            [DefaultSecurityFilterChain.java:51] .org.springframework.security.web.DefaultSecurityFilterChain <init> - Will secure Ant [pattern='/swagger-*'] with []
2021-07-05 16:27:35 INFO [restartedMain] o.s.s.w.DefaultSecurityFilterChain
                            [DefaultSecurityFilterChain.java:51] .org.springframework.security.web.DefaultSecurityFilterChain <init> - Will secure Ant [pattern='/swagger-ui.html'] with []
2021-07-05 16:27:35 INFO [restartedMain] o.s.s.w.DefaultSecurityFilterChain
                            [DefaultSecurityFilterChain.java:51] .org.springframework.security.web.DefaultSecurityFilterChain <init> - Will secure Ant [pattern='/swagger-ui.html*'] with []
2021-07-05 16:27:35 INFO [restartedMain] o.s.s.w.DefaultSecurityFilterChain
                            [DefaultSecurityFilterChain.java:51] .org.springframework.security.web.DefaultSecurityFilterChain <init> - Will secure Ant [pattern='/webjars/**'] with []
2021-07-05 16:27:35 INFO [restartedMain] o.s.s.w.DefaultSecurityFilterChain
                            [DefaultSecurityFilterChain.java:51] .org.springframework.security.web.DefaultSecurityFilterChain <init> - Will secure any request with [org.springframework.security.web.context.request.async.WebAsyncManagerIntegrationFilter@7dced3d5, org.springframework.security.web.context.SecurityContextPersistenceFilter@3fda45ba, org.springframework.security.web.header.HeaderWriterFilter@32c4430f, org.springframework.security.web.authentication.logout.LogoutFilter@4fe26fe5, org.springframework.security.web.savedrequest.RequestCacheAwareFilter@8edbf5d, org.springframework.security.web.servletapi.SecurityContextHolderAwareRequestFilter@68c8b266, org.springframework.security.web.authentication.AnonymousAuthenticationFilter@f4c87aa, org.springframework.security.web.session.SessionManagementFilter@64a1df1c, org.springframework.security.web.access.ExceptionTranslationFilter@163113d4, org.springframework.security.web.access.intercept.FilterSecurityInterceptor@2cebc36d]
2021-07-05 16:27:35 INFO [restartedMain] s.d.s.w.PropertySourcedRequestMappingHandlerMapping
                            [PropertySourcedRequestMappingHandlerMapping.java:69] .springfox.documentation.spring.web.PropertySourcedRequestMappingHandlerMapping initHandlerMethods - Mapped URL path [/v2/api-docs] onto method [springfox.documentation.swagger2.web.Swagger2Controller#getDocumentation(String, HttpServletRequest)]
2021-07-05 16:27:35 INFO [restartedMain] o.s.b.d.a.OptionalLiveReloadServer
                            [OptionalLiveReloadServer.java:58] .org.springframework.boot.devtools.autoconfigure.OptionalLiveReloadServer startServer - LiveReload server is running on port 35729
2021-07-05 16:27:35 INFO [restartedMain] o.a.c.h.Http11NioProtocol
                            [DirectJDKLog.java:173] .org.apache.juli.logging.DirectJDKLog log - Starting ProtocolHandler ["http-nio-9091"]
2021-07-05 16:27:35 INFO [restartedMain] o.s.b.w.e.t.TomcatWebServer
                            [TomcatWebServer.java:220] .org.springframework.boot.web.embedded.tomcat.TomcatWebServer start - Tomcat started on port(s): 9091 (http) with context path '/middleware'
2021-07-05 16:27:35 INFO [restartedMain] s.d.s.w.p.DocumentationPluginsBootstrapper
                            [DocumentationPluginsBootstrapper.java:160] .springfox.documentation.spring.web.plugins.DocumentationPluginsBootstrapper start - Context refreshed
2021-07-05 16:27:35 INFO [restartedMain] s.d.s.w.p.DocumentationPluginsBootstrapper
                            [DocumentationPluginsBootstrapper.java:163] .springfox.documentation.spring.web.plugins.DocumentationPluginsBootstrapper start - Found 1 custom documentation plugin(s)
2021-07-05 16:27:35 INFO [restartedMain] s.d.s.w.s.ApiListingReferenceScanner
                            [ApiListingReferenceScanner.java:41] .springfox.documentation.spring.web.scanners.ApiListingReferenceScanner scan - Scanning for api listing references
2021-07-05 16:27:35 INFO [restartedMain] s.d.s.w.r.o.CachingOperationNameGenerator
                            [CachingOperationNameGenerator.java:40] .springfox.documentation.spring.web.readers.operation.CachingOperationNameGenerator startingWith - Generating unique operation named: handleUsingGET_1
2021-07-05 16:27:35 INFO [restartedMain] c.a.a.As2MiddlewareApplication
                            [StartupInfoLogger.java:61] .org.springframework.boot.StartupInfoLogger logStarted - Started As2MiddlewareApplication in 2.692 seconds (JVM running for 3.798)
2021-07-05 16:27:35 INFO [restartedMain] o.s.b.a.ApplicationAvailabilityBean
                            [ApplicationAvailabilityBean.java:75] .org.springframework.boot.availability.ApplicationAvailabilityBean logStateChange - Application availability state LivenessState changed to CORRECT
2021-07-05 16:27:35 INFO [restartedMain] o.s.b.a.ApplicationAvailabilityBean
                            [ApplicationAvailabilityBean.java:75] .org.springframework.boot.availability.ApplicationAvailabilityBean logStateChange - Application availability state ReadinessState changed to ACCEPTING_TRAFFIC
2021-07-05 16:27:35 INFO [RMI TCP Connection(1)-172.21.144.1] o.a.c.c.C.[.[.[/middleware]
                            [DirectJDKLog.java:173] .org.apache.juli.logging.DirectJDKLog log - Initializing Spring DispatcherServlet 'dispatcherServlet'
2021-07-05 16:27:35 INFO [RMI TCP Connection(1)-172.21.144.1] o.s.w.s.DispatcherServlet
                            [FrameworkServlet.java:525] .org.springframework.web.servlet.FrameworkServlet initServletBean - Initializing Servlet 'dispatcherServlet'
2021-07-05 16:27:35 INFO [RMI TCP Connection(1)-172.21.144.1] o.s.w.s.DispatcherServlet
                            [FrameworkServlet.java:547] .org.springframework.web.servlet.FrameworkServlet initServletBean - Completed initialization in 1 ms
2021-07-05 16:28:48 WARN [http-nio-9091-exec-8] o.a.c.c.Request
                            [DirectJDKLog.java:173] .org.apache.juli.logging.DirectJDKLog log - Creating the temporary upload location [C:\Users\odina\AppData\Local\Temp\tomcat.9091.1646379950763392796\work\Tomcat\localhost\middleware\data] as it is required by the servlet [dispatcherServlet]
